{"/Users/gsoft05/Desktop/Gsoft/Projects/music-app-training-rn/app/components/AppHeader.tsx": {"path":"/Users/gsoft05/Desktop/Gsoft/Projects/music-app-training-rn/app/components/AppHeader.tsx","statementMap":{"0":{"start":{"line":7,"column":44},"end":{"line":26,"column":1}},"1":{"start":{"line":8,"column":19},"end":{"line":8,"column":30}},"2":{"start":{"line":9,"column":4},"end":{"line":25,"column":6}},"3":{"start":{"line":27,"column":25},"end":{"line":61,"column":1}},"4":{"start":{"line":28,"column":18},"end":{"line":28,"column":28}},"5":{"start":{"line":29,"column":19},"end":{"line":59,"column":6}},"6":{"start":{"line":60,"column":4},"end":{"line":60,"column":18}}},"fnMap":{"0":{"name":"(anonymous_0)","decl":{"start":{"line":7,"column":44},"end":{"line":7,"column":45}},"loc":{"start":{"line":7,"column":71},"end":{"line":26,"column":1}},"line":7},"1":{"name":"(anonymous_1)","decl":{"start":{"line":27,"column":25},"end":{"line":27,"column":26}},"loc":{"start":{"line":27,"column":31},"end":{"line":61,"column":1}},"line":27}},"branchMap":{"0":{"loc":{"start":{"line":12,"column":17},"end":{"line":12,"column":41}},"type":"binary-expr","locations":[{"start":{"line":12,"column":17},"end":{"line":12,"column":27}},{"start":{"line":12,"column":31},"end":{"line":12,"column":41}}],"line":12}},"s":{"0":6,"1":10,"2":10,"3":6,"4":10,"5":10,"6":10},"f":{"0":10,"1":10},"b":{"0":[10,10]},"_coverageSchema":"1a1c01bbd47fc00a2c39e90264f33305004495a9","hash":"d790cc3892cf8500ca7b0298d9239cd3ed3a7eb4"}
,"/Users/gsoft05/Desktop/Gsoft/Projects/music-app-training-rn/app/components/Header.tsx": {"path":"/Users/gsoft05/Desktop/Gsoft/Projects/music-app-training-rn/app/components/Header.tsx","statementMap":{"0":{"start":{"line":7,"column":37},"end":{"line":16,"column":1}},"1":{"start":{"line":8,"column":19},"end":{"line":8,"column":30}},"2":{"start":{"line":9,"column":4},"end":{"line":15,"column":6}},"3":{"start":{"line":18,"column":25},"end":{"line":34,"column":1}},"4":{"start":{"line":19,"column":18},"end":{"line":19,"column":28}},"5":{"start":{"line":20,"column":19},"end":{"line":32,"column":6}},"6":{"start":{"line":33,"column":4},"end":{"line":33,"column":18}}},"fnMap":{"0":{"name":"(anonymous_0)","decl":{"start":{"line":7,"column":37},"end":{"line":7,"column":38}},"loc":{"start":{"line":7,"column":61},"end":{"line":16,"column":1}},"line":7},"1":{"name":"(anonymous_1)","decl":{"start":{"line":18,"column":25},"end":{"line":18,"column":26}},"loc":{"start":{"line":18,"column":31},"end":{"line":34,"column":1}},"line":18}},"branchMap":{},"s":{"0":4,"1":6,"2":6,"3":4,"4":6,"5":6,"6":6},"f":{"0":6,"1":6},"b":{},"_coverageSchema":"1a1c01bbd47fc00a2c39e90264f33305004495a9","hash":"a63397b3da1a01f543707c5da2c8d609b756e12b"}
,"/Users/gsoft05/Desktop/Gsoft/Projects/music-app-training-rn/app/components/SearchBar.tsx": {"path":"/Users/gsoft05/Desktop/Gsoft/Projects/music-app-training-rn/app/components/SearchBar.tsx","statementMap":{"0":{"start":{"line":13,"column":40},"end":{"line":54,"column":1}},"1":{"start":{"line":14,"column":19},"end":{"line":14,"column":30}},"2":{"start":{"line":15,"column":30},"end":{"line":15,"column":42}},"3":{"start":{"line":16,"column":18},"end":{"line":16,"column":28}},"4":{"start":{"line":17,"column":21},"end":{"line":17,"column":87}},"5":{"start":{"line":17,"column":58},"end":{"line":17,"column":86}},"6":{"start":{"line":19,"column":25},"end":{"line":25,"column":5}},"7":{"start":{"line":20,"column":8},"end":{"line":20,"column":23}},"8":{"start":{"line":21,"column":21},"end":{"line":23,"column":10}},"9":{"start":{"line":22,"column":12},"end":{"line":22,"column":71}},"10":{"start":{"line":24,"column":8},"end":{"line":24,"column":39}},"11":{"start":{"line":26,"column":4},"end":{"line":53,"column":6}},"12":{"start":{"line":46,"column":28},"end":{"line":46,"column":47}},"13":{"start":{"line":56,"column":25},"end":{"line":103,"column":1}},"14":{"start":{"line":57,"column":18},"end":{"line":57,"column":28}},"15":{"start":{"line":58,"column":19},"end":{"line":101,"column":6}},"16":{"start":{"line":102,"column":4},"end":{"line":102,"column":18}}},"fnMap":{"0":{"name":"(anonymous_0)","decl":{"start":{"line":13,"column":40},"end":{"line":13,"column":41}},"loc":{"start":{"line":13,"column":64},"end":{"line":54,"column":1}},"line":13},"1":{"name":"(anonymous_1)","decl":{"start":{"line":17,"column":33},"end":{"line":17,"column":34}},"loc":{"start":{"line":17,"column":58},"end":{"line":17,"column":86}},"line":17},"2":{"name":"(anonymous_2)","decl":{"start":{"line":19,"column":25},"end":{"line":19,"column":26}},"loc":{"start":{"line":19,"column":43},"end":{"line":25,"column":5}},"line":19},"3":{"name":"(anonymous_3)","decl":{"start":{"line":21,"column":38},"end":{"line":21,"column":39}},"loc":{"start":{"line":21,"column":52},"end":{"line":23,"column":9}},"line":21},"4":{"name":"(anonymous_4)","decl":{"start":{"line":45,"column":38},"end":{"line":45,"column":39}},"loc":{"start":{"line":45,"column":48},"end":{"line":47,"column":25}},"line":45},"5":{"name":"(anonymous_5)","decl":{"start":{"line":56,"column":25},"end":{"line":56,"column":26}},"loc":{"start":{"line":56,"column":31},"end":{"line":103,"column":1}},"line":56}},"branchMap":{"0":{"loc":{"start":{"line":32,"column":13},"end":{"line":51,"column":13}},"type":"cond-expr","locations":[{"start":{"line":33,"column":16},"end":{"line":38,"column":35}},{"start":{"line":40,"column":16},"end":{"line":50,"column":23}}],"line":32}},"s":{"0":3,"1":3,"2":3,"3":3,"4":3,"5":3,"6":3,"7":1,"8":1,"9":0,"10":1,"11":3,"12":1,"13":3,"14":3,"15":3,"16":3},"f":{"0":3,"1":3,"2":1,"3":0,"4":1,"5":3},"b":{"0":[1,2]},"_coverageSchema":"1a1c01bbd47fc00a2c39e90264f33305004495a9","hash":"a618e4d683d5be089fe198ec99d83422e1eac371"}
,"/Users/gsoft05/Desktop/Gsoft/Projects/music-app-training-rn/app/components/Music/MusicCard.tsx": {"path":"/Users/gsoft05/Desktop/Gsoft/Projects/music-app-training-rn/app/components/Music/MusicCard.tsx","statementMap":{"0":{"start":{"line":13,"column":40},"end":{"line":31,"column":1}},"1":{"start":{"line":14,"column":19},"end":{"line":14,"column":30}},"2":{"start":{"line":16,"column":4},"end":{"line":30,"column":6}}},"fnMap":{"0":{"name":"(anonymous_0)","decl":{"start":{"line":13,"column":40},"end":{"line":13,"column":41}},"loc":{"start":{"line":13,"column":75},"end":{"line":31,"column":1}},"line":13}},"branchMap":{},"s":{"0":3,"1":1,"2":1},"f":{"0":1},"b":{},"_coverageSchema":"1a1c01bbd47fc00a2c39e90264f33305004495a9","hash":"0a56432ca0350bd26a690181e2f2048066d215b1"}
,"/Users/gsoft05/Desktop/Gsoft/Projects/music-app-training-rn/app/components/Music/MusicCardShimmer.tsx": {"path":"/Users/gsoft05/Desktop/Gsoft/Projects/music-app-training-rn/app/components/Music/MusicCardShimmer.tsx","statementMap":{"0":{"start":{"line":12,"column":47},"end":{"line":29,"column":1}},"1":{"start":{"line":13,"column":19},"end":{"line":13,"column":30}},"2":{"start":{"line":14,"column":4},"end":{"line":28,"column":6}}},"fnMap":{"0":{"name":"(anonymous_0)","decl":{"start":{"line":12,"column":47},"end":{"line":12,"column":48}},"loc":{"start":{"line":12,"column":53},"end":{"line":29,"column":1}},"line":12}},"branchMap":{},"s":{"0":6,"1":2,"2":2},"f":{"0":2},"b":{},"_coverageSchema":"1a1c01bbd47fc00a2c39e90264f33305004495a9","hash":"bfbde649b20837540fcac89134b9573dc633802e"}
,"/Users/gsoft05/Desktop/Gsoft/Projects/music-app-training-rn/app/components/Music/styles.ts": {"path":"/Users/gsoft05/Desktop/Gsoft/Projects/music-app-training-rn/app/components/Music/styles.ts","statementMap":{"0":{"start":{"line":8,"column":25},"end":{"line":144,"column":1}},"1":{"start":{"line":9,"column":18},"end":{"line":9,"column":28}},"2":{"start":{"line":10,"column":19},"end":{"line":142,"column":6}},"3":{"start":{"line":143,"column":4},"end":{"line":143,"column":18}}},"fnMap":{"0":{"name":"(anonymous_0)","decl":{"start":{"line":8,"column":25},"end":{"line":8,"column":26}},"loc":{"start":{"line":8,"column":31},"end":{"line":144,"column":1}},"line":8}},"branchMap":{},"s":{"0":7,"1":3,"2":3,"3":3},"f":{"0":3},"b":{},"_coverageSchema":"1a1c01bbd47fc00a2c39e90264f33305004495a9","hash":"758ac58b15e8f1141ce1aca78bf1a0ade6319530"}
,"/Users/gsoft05/Desktop/Gsoft/Projects/music-app-training-rn/app/components/Playlist/PlaylistCard.tsx": {"path":"/Users/gsoft05/Desktop/Gsoft/Projects/music-app-training-rn/app/components/Playlist/PlaylistCard.tsx","statementMap":{"0":{"start":{"line":13,"column":43},"end":{"line":29,"column":1}},"1":{"start":{"line":14,"column":19},"end":{"line":14,"column":30}},"2":{"start":{"line":15,"column":4},"end":{"line":28,"column":6}}},"fnMap":{"0":{"name":"(anonymous_0)","decl":{"start":{"line":13,"column":43},"end":{"line":13,"column":44}},"loc":{"start":{"line":13,"column":71},"end":{"line":29,"column":1}},"line":13}},"branchMap":{},"s":{"0":2,"1":1,"2":1},"f":{"0":1},"b":{},"_coverageSchema":"1a1c01bbd47fc00a2c39e90264f33305004495a9","hash":"71ade0e35db825469abcc70834195a1c20a2aad3"}
,"/Users/gsoft05/Desktop/Gsoft/Projects/music-app-training-rn/app/components/Playlist/PlaylistCardShimmer.tsx": {"path":"/Users/gsoft05/Desktop/Gsoft/Projects/music-app-training-rn/app/components/Playlist/PlaylistCardShimmer.tsx","statementMap":{"0":{"start":{"line":12,"column":50},"end":{"line":28,"column":1}},"1":{"start":{"line":13,"column":19},"end":{"line":13,"column":30}},"2":{"start":{"line":14,"column":4},"end":{"line":27,"column":6}}},"fnMap":{"0":{"name":"(anonymous_0)","decl":{"start":{"line":12,"column":50},"end":{"line":12,"column":51}},"loc":{"start":{"line":12,"column":56},"end":{"line":28,"column":1}},"line":12}},"branchMap":{},"s":{"0":3,"1":1,"2":1},"f":{"0":1},"b":{},"_coverageSchema":"1a1c01bbd47fc00a2c39e90264f33305004495a9","hash":"e9f3fd20bbf32a1cb4bbcc66412a57c95eba8e6e"}
,"/Users/gsoft05/Desktop/Gsoft/Projects/music-app-training-rn/app/components/Playlist/styles.ts": {"path":"/Users/gsoft05/Desktop/Gsoft/Projects/music-app-training-rn/app/components/Playlist/styles.ts","statementMap":{"0":{"start":{"line":8,"column":25},"end":{"line":144,"column":1}},"1":{"start":{"line":9,"column":18},"end":{"line":9,"column":28}},"2":{"start":{"line":10,"column":19},"end":{"line":142,"column":6}},"3":{"start":{"line":143,"column":4},"end":{"line":143,"column":18}}},"fnMap":{"0":{"name":"(anonymous_0)","decl":{"start":{"line":8,"column":25},"end":{"line":8,"column":26}},"loc":{"start":{"line":8,"column":31},"end":{"line":144,"column":1}},"line":8}},"branchMap":{},"s":{"0":4,"1":2,"2":2,"3":2},"f":{"0":2},"b":{},"_coverageSchema":"1a1c01bbd47fc00a2c39e90264f33305004495a9","hash":"e2391c2baee81bbe8558a7359ae4330b1d1318bf"}
,"/Users/gsoft05/Desktop/Gsoft/Projects/music-app-training-rn/app/components/Playlist/PlaylistSongs/PlaylistSongsCard.tsx": {"path":"/Users/gsoft05/Desktop/Gsoft/Projects/music-app-training-rn/app/components/Playlist/PlaylistSongs/PlaylistSongsCard.tsx","statementMap":{"0":{"start":{"line":8,"column":48},"end":{"line":34,"column":1}},"1":{"start":{"line":15,"column":19},"end":{"line":15,"column":30}},"2":{"start":{"line":16,"column":4},"end":{"line":33,"column":6}},"3":{"start":{"line":18,"column":98},"end":{"line":18,"column":115}},"4":{"start":{"line":29,"column":77},"end":{"line":29,"column":96}}},"fnMap":{"0":{"name":"(anonymous_0)","decl":{"start":{"line":8,"column":48},"end":{"line":8,"column":49}},"loc":{"start":{"line":14,"column":6},"end":{"line":34,"column":1}},"line":14},"1":{"name":"(anonymous_1)","decl":{"start":{"line":18,"column":92},"end":{"line":18,"column":93}},"loc":{"start":{"line":18,"column":98},"end":{"line":18,"column":115}},"line":18},"2":{"name":"(anonymous_2)","decl":{"start":{"line":29,"column":71},"end":{"line":29,"column":72}},"loc":{"start":{"line":29,"column":77},"end":{"line":29,"column":96}},"line":29}},"branchMap":{},"s":{"0":4,"1":2,"2":2,"3":1,"4":1},"f":{"0":2,"1":1,"2":1},"b":{},"_coverageSchema":"1a1c01bbd47fc00a2c39e90264f33305004495a9","hash":"044d70d3c62f47496a4e785e2efa14cec1a636b1"}
,"/Users/gsoft05/Desktop/Gsoft/Projects/music-app-training-rn/app/components/Playlist/PlaylistSongs/PlaylistsAlbumsCard.tsx": {"path":"/Users/gsoft05/Desktop/Gsoft/Projects/music-app-training-rn/app/components/Playlist/PlaylistSongs/PlaylistsAlbumsCard.tsx","statementMap":{"0":{"start":{"line":10,"column":50},"end":{"line":49,"column":1}},"1":{"start":{"line":19,"column":19},"end":{"line":19,"column":30}},"2":{"start":{"line":21,"column":18},"end":{"line":21,"column":34}},"3":{"start":{"line":22,"column":4},"end":{"line":48,"column":6}},"4":{"start":{"line":42,"column":20},"end":{"line":42,"column":41}},"5":{"start":{"line":43,"column":20},"end":{"line":43,"column":55}}},"fnMap":{"0":{"name":"(anonymous_0)","decl":{"start":{"line":10,"column":50},"end":{"line":10,"column":51}},"loc":{"start":{"line":18,"column":6},"end":{"line":49,"column":1}},"line":18},"1":{"name":"(anonymous_1)","decl":{"start":{"line":41,"column":25},"end":{"line":41,"column":26}},"loc":{"start":{"line":41,"column":31},"end":{"line":44,"column":17}},"line":41}},"branchMap":{},"s":{"0":3,"1":1,"2":1,"3":1,"4":0,"5":0},"f":{"0":1,"1":0},"b":{},"_coverageSchema":"1a1c01bbd47fc00a2c39e90264f33305004495a9","hash":"f3bb055a7e0e1b5259a8aaadd180d2cfa1a48fbd"}
,"/Users/gsoft05/Desktop/Gsoft/Projects/music-app-training-rn/app/components/Playlist/PlaylistSongs/styles.ts": {"path":"/Users/gsoft05/Desktop/Gsoft/Projects/music-app-training-rn/app/components/Playlist/PlaylistSongs/styles.ts","statementMap":{"0":{"start":{"line":8,"column":25},"end":{"line":155,"column":1}},"1":{"start":{"line":9,"column":18},"end":{"line":9,"column":28}},"2":{"start":{"line":10,"column":19},"end":{"line":153,"column":6}},"3":{"start":{"line":154,"column":4},"end":{"line":154,"column":18}}},"fnMap":{"0":{"name":"(anonymous_0)","decl":{"start":{"line":8,"column":25},"end":{"line":8,"column":26}},"loc":{"start":{"line":8,"column":31},"end":{"line":155,"column":1}},"line":8}},"branchMap":{},"s":{"0":9,"1":4,"2":4,"3":4},"f":{"0":4},"b":{},"_coverageSchema":"1a1c01bbd47fc00a2c39e90264f33305004495a9","hash":"63043c61e746bbb6204ec1c1dc63c66f2d2c780f"}
,"/Users/gsoft05/Desktop/Gsoft/Projects/music-app-training-rn/app/components/Playlist/Tracks/PlaylistsTracksCarShimmer.tsx": {"path":"/Users/gsoft05/Desktop/Gsoft/Projects/music-app-training-rn/app/components/Playlist/Tracks/PlaylistsTracksCarShimmer.tsx","statementMap":{"0":{"start":{"line":8,"column":56},"end":{"line":29,"column":1}},"1":{"start":{"line":9,"column":19},"end":{"line":9,"column":30}},"2":{"start":{"line":10,"column":4},"end":{"line":28,"column":6}}},"fnMap":{"0":{"name":"(anonymous_0)","decl":{"start":{"line":8,"column":56},"end":{"line":8,"column":57}},"loc":{"start":{"line":8,"column":62},"end":{"line":29,"column":1}},"line":8}},"branchMap":{},"s":{"0":2,"1":0,"2":0},"f":{"0":0},"b":{},"_coverageSchema":"1a1c01bbd47fc00a2c39e90264f33305004495a9","hash":"74f744d9da9bcddb70139a9ae5c7a595b80b9c44"}
,"/Users/gsoft05/Desktop/Gsoft/Projects/music-app-training-rn/app/components/Playlist/Tracks/PlaylistsTracksCard.tsx": {"path":"/Users/gsoft05/Desktop/Gsoft/Projects/music-app-training-rn/app/components/Playlist/Tracks/PlaylistsTracksCard.tsx","statementMap":{"0":{"start":{"line":9,"column":50},"end":{"line":50,"column":1}},"1":{"start":{"line":18,"column":19},"end":{"line":18,"column":30}},"2":{"start":{"line":19,"column":4},"end":{"line":49,"column":6}},"3":{"start":{"line":23,"column":16},"end":{"line":23,"column":30}},"4":{"start":{"line":24,"column":16},"end":{"line":24,"column":52}},"5":{"start":{"line":42,"column":24},"end":{"line":42,"column":38}},"6":{"start":{"line":43,"column":24},"end":{"line":43,"column":60}}},"fnMap":{"0":{"name":"(anonymous_0)","decl":{"start":{"line":9,"column":50},"end":{"line":9,"column":51}},"loc":{"start":{"line":17,"column":6},"end":{"line":50,"column":1}},"line":17},"1":{"name":"(anonymous_1)","decl":{"start":{"line":22,"column":21},"end":{"line":22,"column":22}},"loc":{"start":{"line":22,"column":27},"end":{"line":25,"column":13}},"line":22},"2":{"name":"(anonymous_2)","decl":{"start":{"line":41,"column":29},"end":{"line":41,"column":30}},"loc":{"start":{"line":41,"column":35},"end":{"line":44,"column":21}},"line":41}},"branchMap":{},"s":{"0":2,"1":1,"2":1,"3":0,"4":0,"5":0,"6":0},"f":{"0":1,"1":0,"2":0},"b":{},"_coverageSchema":"1a1c01bbd47fc00a2c39e90264f33305004495a9","hash":"e8a7bc42d16b224f88e47102858d2728421d5ffa"}
,"/Users/gsoft05/Desktop/Gsoft/Projects/music-app-training-rn/app/components/player/AppCreatePlaylistModal.tsx": {"path":"/Users/gsoft05/Desktop/Gsoft/Projects/music-app-training-rn/app/components/player/AppCreatePlaylistModal.tsx","statementMap":{"0":{"start":{"line":14,"column":53},"end":{"line":95,"column":1}},"1":{"start":{"line":15,"column":19},"end":{"line":15,"column":30}},"2":{"start":{"line":16,"column":18},"end":{"line":16,"column":28}},"3":{"start":{"line":17,"column":33},"end":{"line":17,"column":51}},"4":{"start":{"line":18,"column":17},"end":{"line":18,"column":85}},"5":{"start":{"line":18,"column":54},"end":{"line":18,"column":84}},"6":{"start":{"line":19,"column":21},"end":{"line":19,"column":87}},"7":{"start":{"line":19,"column":58},"end":{"line":19,"column":86}},"8":{"start":{"line":20,"column":21},"end":{"line":20,"column":34}},"9":{"start":{"line":22,"column":28},"end":{"line":38,"column":5}},"10":{"start":{"line":23,"column":55},"end":{"line":23,"column":63}},"11":{"start":{"line":24,"column":22},"end":{"line":24,"column":87}},"12":{"start":{"line":24,"column":65},"end":{"line":24,"column":86}},"13":{"start":{"line":25,"column":8},"end":{"line":37,"column":9}},"14":{"start":{"line":27,"column":12},"end":{"line":31,"column":13}},"15":{"start":{"line":28,"column":16},"end":{"line":28,"column":52}},"16":{"start":{"line":30,"column":16},"end":{"line":30,"column":48}},"17":{"start":{"line":32,"column":12},"end":{"line":32,"column":27}},"18":{"start":{"line":33,"column":12},"end":{"line":33,"column":43}},"19":{"start":{"line":34,"column":12},"end":{"line":34,"column":26}},"20":{"start":{"line":36,"column":12},"end":{"line":36,"column":63}},"21":{"start":{"line":39,"column":4},"end":{"line":94,"column":6}},"22":{"start":{"line":56,"column":51},"end":{"line":56,"column":64}},"23":{"start":{"line":84,"column":52},"end":{"line":84,"column":70}}},"fnMap":{"0":{"name":"(anonymous_0)","decl":{"start":{"line":14,"column":53},"end":{"line":14,"column":54}},"loc":{"start":{"line":14,"column":96},"end":{"line":95,"column":1}},"line":14},"1":{"name":"(anonymous_1)","decl":{"start":{"line":18,"column":29},"end":{"line":18,"column":30}},"loc":{"start":{"line":18,"column":54},"end":{"line":18,"column":84}},"line":18},"2":{"name":"(anonymous_2)","decl":{"start":{"line":19,"column":33},"end":{"line":19,"column":34}},"loc":{"start":{"line":19,"column":58},"end":{"line":19,"column":86}},"line":19},"3":{"name":"(anonymous_3)","decl":{"start":{"line":22,"column":28},"end":{"line":22,"column":29}},"loc":{"start":{"line":22,"column":34},"end":{"line":38,"column":5}},"line":22},"4":{"name":"(anonymous_4)","decl":{"start":{"line":24,"column":37},"end":{"line":24,"column":38}},"loc":{"start":{"line":24,"column":65},"end":{"line":24,"column":86}},"line":24},"5":{"name":"(anonymous_5)","decl":{"start":{"line":56,"column":45},"end":{"line":56,"column":46}},"loc":{"start":{"line":56,"column":51},"end":{"line":56,"column":64}},"line":56},"6":{"name":"(anonymous_6)","decl":{"start":{"line":84,"column":42},"end":{"line":84,"column":43}},"loc":{"start":{"line":84,"column":52},"end":{"line":84,"column":70}},"line":84}},"branchMap":{"0":{"loc":{"start":{"line":25,"column":8},"end":{"line":37,"column":9}},"type":"if","locations":[{"start":{"line":25,"column":8},"end":{"line":37,"column":9}},{"start":{"line":25,"column":8},"end":{"line":37,"column":9}}],"line":25},"1":{"loc":{"start":{"line":27,"column":12},"end":{"line":31,"column":13}},"type":"if","locations":[{"start":{"line":27,"column":12},"end":{"line":31,"column":13}},{"start":{"line":27,"column":12},"end":{"line":31,"column":13}}],"line":27},"2":{"loc":{"start":{"line":48,"column":30},"end":{"line":48,"column":74}},"type":"cond-expr","locations":[{"start":{"line":48,"column":54},"end":{"line":48,"column":63}},{"start":{"line":48,"column":66},"end":{"line":48,"column":74}}],"line":48}},"s":{"0":4,"1":4,"2":4,"3":4,"4":4,"5":0,"6":4,"7":0,"8":4,"9":4,"10":1,"11":1,"12":0,"13":1,"14":1,"15":0,"16":1,"17":1,"18":0,"19":0,"20":0,"21":4,"22":1,"23":1},"f":{"0":4,"1":0,"2":0,"3":1,"4":0,"5":1,"6":1},"b":{"0":[1,0],"1":[0,1],"2":[4,0]},"_coverageSchema":"1a1c01bbd47fc00a2c39e90264f33305004495a9","hash":"88a41e4833e76ee387d1277e8b738d43b7f0d5d5"}
,"/Users/gsoft05/Desktop/Gsoft/Projects/music-app-training-rn/app/components/player/AppPlaylistModal.tsx": {"path":"/Users/gsoft05/Desktop/Gsoft/Projects/music-app-training-rn/app/components/player/AppPlaylistModal.tsx","statementMap":{"0":{"start":{"line":15,"column":47},"end":{"line":113,"column":1}},"1":{"start":{"line":20,"column":19},"end":{"line":20,"column":30}},"2":{"start":{"line":21,"column":18},"end":{"line":21,"column":28}},"3":{"start":{"line":22,"column":21},"end":{"line":22,"column":34}},"4":{"start":{"line":23,"column":21},"end":{"line":23,"column":87}},"5":{"start":{"line":23,"column":58},"end":{"line":23,"column":86}},"6":{"start":{"line":24,"column":31},"end":{"line":24,"column":99}},"7":{"start":{"line":24,"column":68},"end":{"line":24,"column":98}},"8":{"start":{"line":26,"column":30},"end":{"line":42,"column":5}},"9":{"start":{"line":27,"column":8},"end":{"line":27,"column":53}},"10":{"start":{"line":28,"column":22},"end":{"line":30,"column":9}},"11":{"start":{"line":29,"column":53},"end":{"line":29,"column":79}},"12":{"start":{"line":31,"column":21},"end":{"line":31,"column":25}},"13":{"start":{"line":32,"column":8},"end":{"line":32,"column":53}},"14":{"start":{"line":32,"column":20},"end":{"line":32,"column":53}},"15":{"start":{"line":33,"column":43},"end":{"line":39,"column":10}},"16":{"start":{"line":34,"column":12},"end":{"line":38,"column":13}},"17":{"start":{"line":35,"column":16},"end":{"line":35,"column":28}},"18":{"start":{"line":37,"column":16},"end":{"line":37,"column":28}},"19":{"start":{"line":41,"column":8},"end":{"line":41,"column":39}},"20":{"start":{"line":44,"column":27},"end":{"line":49,"column":5}},"21":{"start":{"line":45,"column":43},"end":{"line":47,"column":9}},"22":{"start":{"line":46,"column":40},"end":{"line":46,"column":61}},"23":{"start":{"line":48,"column":8},"end":{"line":48,"column":45}},"24":{"start":{"line":51,"column":31},"end":{"line":67,"column":5}},"25":{"start":{"line":52,"column":8},"end":{"line":66,"column":11}},"26":{"start":{"line":53,"column":70},"end":{"line":53,"column":93}},"27":{"start":{"line":69,"column":4},"end":{"line":112,"column":6}},"28":{"start":{"line":77,"column":94},"end":{"line":77,"column":111}},"29":{"start":{"line":83,"column":43},"end":{"line":83,"column":63}},"30":{"start":{"line":86,"column":80},"end":{"line":86,"column":100}}},"fnMap":{"0":{"name":"(anonymous_0)","decl":{"start":{"line":15,"column":47},"end":{"line":15,"column":48}},"loc":{"start":{"line":19,"column":6},"end":{"line":113,"column":1}},"line":19},"1":{"name":"(anonymous_1)","decl":{"start":{"line":23,"column":33},"end":{"line":23,"column":34}},"loc":{"start":{"line":23,"column":58},"end":{"line":23,"column":86}},"line":23},"2":{"name":"(anonymous_2)","decl":{"start":{"line":24,"column":43},"end":{"line":24,"column":44}},"loc":{"start":{"line":24,"column":68},"end":{"line":24,"column":98}},"line":24},"3":{"name":"(anonymous_3)","decl":{"start":{"line":26,"column":30},"end":{"line":26,"column":31}},"loc":{"start":{"line":26,"column":55},"end":{"line":42,"column":5}},"line":26},"4":{"name":"(anonymous_4)","decl":{"start":{"line":29,"column":12},"end":{"line":29,"column":13}},"loc":{"start":{"line":29,"column":53},"end":{"line":29,"column":79}},"line":29},"5":{"name":"(anonymous_5)","decl":{"start":{"line":33,"column":56},"end":{"line":33,"column":57}},"loc":{"start":{"line":33,"column":81},"end":{"line":39,"column":9}},"line":33},"6":{"name":"(anonymous_6)","decl":{"start":{"line":44,"column":27},"end":{"line":44,"column":28}},"loc":{"start":{"line":44,"column":52},"end":{"line":49,"column":5}},"line":44},"7":{"name":"(anonymous_7)","decl":{"start":{"line":46,"column":12},"end":{"line":46,"column":13}},"loc":{"start":{"line":46,"column":40},"end":{"line":46,"column":61}},"line":46},"8":{"name":"(anonymous_8)","decl":{"start":{"line":51,"column":31},"end":{"line":51,"column":32}},"loc":{"start":{"line":52,"column":8},"end":{"line":66,"column":11}},"line":52},"9":{"name":"(anonymous_9)","decl":{"start":{"line":53,"column":64},"end":{"line":53,"column":65}},"loc":{"start":{"line":53,"column":70},"end":{"line":53,"column":93}},"line":53},"10":{"name":"(anonymous_10)","decl":{"start":{"line":77,"column":88},"end":{"line":77,"column":89}},"loc":{"start":{"line":77,"column":94},"end":{"line":77,"column":111}},"line":77},"11":{"name":"(anonymous_11)","decl":{"start":{"line":83,"column":37},"end":{"line":83,"column":38}},"loc":{"start":{"line":83,"column":43},"end":{"line":83,"column":63}},"line":83},"12":{"name":"(anonymous_12)","decl":{"start":{"line":86,"column":74},"end":{"line":86,"column":75}},"loc":{"start":{"line":86,"column":80},"end":{"line":86,"column":100}},"line":86}},"branchMap":{"0":{"loc":{"start":{"line":32,"column":8},"end":{"line":32,"column":53}},"type":"if","locations":[{"start":{"line":32,"column":8},"end":{"line":32,"column":53}},{"start":{"line":32,"column":8},"end":{"line":32,"column":53}}],"line":32},"1":{"loc":{"start":{"line":34,"column":12},"end":{"line":38,"column":13}},"type":"if","locations":[{"start":{"line":34,"column":12},"end":{"line":38,"column":13}},{"start":{"line":34,"column":12},"end":{"line":38,"column":13}}],"line":34},"2":{"loc":{"start":{"line":58,"column":24},"end":{"line":60,"column":86}},"type":"cond-expr","locations":[{"start":{"line":59,"column":30},"end":{"line":59,"column":53}},{"start":{"line":60,"column":30},"end":{"line":60,"column":86}}],"line":58},"3":{"loc":{"start":{"line":95,"column":25},"end":{"line":107,"column":25}},"type":"cond-expr","locations":[{"start":{"line":96,"column":28},"end":{"line":102,"column":30}},{"start":{"line":104,"column":28},"end":{"line":106,"column":35}}],"line":95}},"s":{"0":3,"1":4,"2":4,"3":4,"4":4,"5":0,"6":4,"7":0,"8":4,"9":0,"10":0,"11":0,"12":0,"13":0,"14":0,"15":0,"16":0,"17":0,"18":0,"19":0,"20":4,"21":0,"22":0,"23":0,"24":4,"25":0,"26":0,"27":4,"28":1,"29":1,"30":1},"f":{"0":4,"1":0,"2":0,"3":0,"4":0,"5":0,"6":0,"7":0,"8":0,"9":0,"10":1,"11":1,"12":1},"b":{"0":[0,0],"1":[0,0],"2":[0,0],"3":[0,4]},"_coverageSchema":"1a1c01bbd47fc00a2c39e90264f33305004495a9","hash":"cbaa05f14ca97762a744a26a1e78fe8fef8f75df"}
,"/Users/gsoft05/Desktop/Gsoft/Projects/music-app-training-rn/app/components/player/styles.ts": {"path":"/Users/gsoft05/Desktop/Gsoft/Projects/music-app-training-rn/app/components/player/styles.ts","statementMap":{"0":{"start":{"line":8,"column":25},"end":{"line":389,"column":1}},"1":{"start":{"line":9,"column":18},"end":{"line":9,"column":28}},"2":{"start":{"line":10,"column":19},"end":{"line":387,"column":6}},"3":{"start":{"line":388,"column":4},"end":{"line":388,"column":18}}},"fnMap":{"0":{"name":"(anonymous_0)","decl":{"start":{"line":8,"column":25},"end":{"line":8,"column":26}},"loc":{"start":{"line":8,"column":31},"end":{"line":389,"column":1}},"line":8}},"branchMap":{},"s":{"0":5,"1":8,"2":8,"3":8},"f":{"0":8},"b":{},"_coverageSchema":"1a1c01bbd47fc00a2c39e90264f33305004495a9","hash":"d1cbbc0b0351c54e903da3b63cd8a7b69b9c69b6"}
,"/Users/gsoft05/Desktop/Gsoft/Projects/music-app-training-rn/app/lib/createReducer.ts": {"path":"/Users/gsoft05/Desktop/Gsoft/Projects/music-app-training-rn/app/lib/createReducer.ts","statementMap":{"0":{"start":{"line":6,"column":4},"end":{"line":12,"column":6}},"1":{"start":{"line":7,"column":8},"end":{"line":11,"column":9}},"2":{"start":{"line":8,"column":12},"end":{"line":8,"column":56}},"3":{"start":{"line":10,"column":12},"end":{"line":10,"column":25}}},"fnMap":{"0":{"name":"createReducer","decl":{"start":{"line":5,"column":24},"end":{"line":5,"column":37}},"loc":{"start":{"line":5,"column":72},"end":{"line":13,"column":1}},"line":5},"1":{"name":"reducer","decl":{"start":{"line":6,"column":20},"end":{"line":6,"column":27}},"loc":{"start":{"line":6,"column":63},"end":{"line":12,"column":5}},"line":6}},"branchMap":{"0":{"loc":{"start":{"line":6,"column":28},"end":{"line":6,"column":48}},"type":"default-arg","locations":[{"start":{"line":6,"column":36},"end":{"line":6,"column":48}}],"line":6},"1":{"loc":{"start":{"line":7,"column":8},"end":{"line":11,"column":9}},"type":"if","locations":[{"start":{"line":7,"column":8},"end":{"line":11,"column":9}},{"start":{"line":7,"column":8},"end":{"line":11,"column":9}}],"line":7}},"s":{"0":4,"1":12,"2":8,"3":4},"f":{"0":4,"1":12},"b":{"0":[4],"1":[8,4]},"_coverageSchema":"1a1c01bbd47fc00a2c39e90264f33305004495a9","hash":"a7bfd2cebc8cd8342ae5c4f040ff87bb06cc52f6"}
,"/Users/gsoft05/Desktop/Gsoft/Projects/music-app-training-rn/app/screens/Favorites/Conatiner.tsx": {"path":"/Users/gsoft05/Desktop/Gsoft/Projects/music-app-training-rn/app/screens/Favorites/Conatiner.tsx","statementMap":{"0":{"start":{"line":17,"column":42},"end":{"line":86,"column":1}},"1":{"start":{"line":18,"column":19},"end":{"line":18,"column":30}},"2":{"start":{"line":19,"column":21},"end":{"line":19,"column":34}},"3":{"start":{"line":20,"column":18},"end":{"line":20,"column":34}},"4":{"start":{"line":21,"column":21},"end":{"line":21,"column":95}},"5":{"start":{"line":21,"column":58},"end":{"line":21,"column":94}},"6":{"start":{"line":22,"column":61},"end":{"line":24,"column":5}},"7":{"start":{"line":23,"column":33},"end":{"line":23,"column":62}},"8":{"start":{"line":25,"column":28},"end":{"line":28,"column":5}},"9":{"start":{"line":26,"column":21},"end":{"line":26,"column":88}},"10":{"start":{"line":26,"column":70},"end":{"line":26,"column":87}},"11":{"start":{"line":27,"column":8},"end":{"line":27,"column":44}},"12":{"start":{"line":29,"column":31},"end":{"line":55,"column":5}},"13":{"start":{"line":30,"column":8},"end":{"line":54,"column":29}},"14":{"start":{"line":33,"column":16},"end":{"line":33,"column":41}},"15":{"start":{"line":41,"column":24},"end":{"line":41,"column":53}},"16":{"start":{"line":42,"column":24},"end":{"line":42,"column":58}},"17":{"start":{"line":50,"column":24},"end":{"line":50,"column":49}},"18":{"start":{"line":56,"column":4},"end":{"line":58,"column":7}},"19":{"start":{"line":57,"column":8},"end":{"line":57,"column":20}},"20":{"start":{"line":59,"column":22},"end":{"line":65,"column":5}},"21":{"start":{"line":60,"column":8},"end":{"line":64,"column":9}},"22":{"start":{"line":61,"column":12},"end":{"line":61,"column":32}},"23":{"start":{"line":63,"column":12},"end":{"line":63,"column":25}},"24":{"start":{"line":66,"column":4},"end":{"line":85,"column":6}}},"fnMap":{"0":{"name":"(anonymous_0)","decl":{"start":{"line":17,"column":42},"end":{"line":17,"column":43}},"loc":{"start":{"line":17,"column":61},"end":{"line":86,"column":1}},"line":17},"1":{"name":"(anonymous_1)","decl":{"start":{"line":21,"column":33},"end":{"line":21,"column":34}},"loc":{"start":{"line":21,"column":58},"end":{"line":21,"column":94}},"line":21},"2":{"name":"(anonymous_2)","decl":{"start":{"line":23,"column":8},"end":{"line":23,"column":9}},"loc":{"start":{"line":23,"column":33},"end":{"line":23,"column":62}},"line":23},"3":{"name":"(anonymous_3)","decl":{"start":{"line":25,"column":28},"end":{"line":25,"column":29}},"loc":{"start":{"line":25,"column":56},"end":{"line":28,"column":5}},"line":25},"4":{"name":"(anonymous_4)","decl":{"start":{"line":26,"column":42},"end":{"line":26,"column":43}},"loc":{"start":{"line":26,"column":70},"end":{"line":26,"column":87}},"line":26},"5":{"name":"(anonymous_5)","decl":{"start":{"line":29,"column":31},"end":{"line":29,"column":32}},"loc":{"start":{"line":30,"column":8},"end":{"line":54,"column":29}},"line":30},"6":{"name":"(anonymous_6)","decl":{"start":{"line":32,"column":21},"end":{"line":32,"column":22}},"loc":{"start":{"line":32,"column":27},"end":{"line":34,"column":13}},"line":32},"7":{"name":"(anonymous_7)","decl":{"start":{"line":40,"column":29},"end":{"line":40,"column":30}},"loc":{"start":{"line":40,"column":35},"end":{"line":43,"column":21}},"line":40},"8":{"name":"(anonymous_8)","decl":{"start":{"line":49,"column":29},"end":{"line":49,"column":30}},"loc":{"start":{"line":49,"column":35},"end":{"line":51,"column":21}},"line":49},"9":{"name":"(anonymous_9)","decl":{"start":{"line":56,"column":14},"end":{"line":56,"column":15}},"loc":{"start":{"line":56,"column":20},"end":{"line":58,"column":5}},"line":56},"10":{"name":"(anonymous_10)","decl":{"start":{"line":59,"column":22},"end":{"line":59,"column":23}},"loc":{"start":{"line":59,"column":28},"end":{"line":65,"column":5}},"line":59}},"branchMap":{"0":{"loc":{"start":{"line":60,"column":8},"end":{"line":64,"column":9}},"type":"if","locations":[{"start":{"line":60,"column":8},"end":{"line":64,"column":9}},{"start":{"line":60,"column":8},"end":{"line":64,"column":9}}],"line":60},"1":{"loc":{"start":{"line":69,"column":13},"end":{"line":83,"column":13}},"type":"cond-expr","locations":[{"start":{"line":70,"column":16},"end":{"line":78,"column":18}},{"start":{"line":80,"column":16},"end":{"line":82,"column":23}}],"line":69}},"s":{"0":1,"1":1,"2":1,"3":1,"4":1,"5":0,"6":1,"7":0,"8":1,"9":0,"10":0,"11":0,"12":1,"13":0,"14":0,"15":0,"16":0,"17":0,"18":1,"19":1,"20":1,"21":1,"22":0,"23":1,"24":1},"f":{"0":1,"1":0,"2":0,"3":0,"4":0,"5":0,"6":0,"7":0,"8":0,"9":1,"10":1},"b":{"0":[0,1],"1":[0,1]},"_coverageSchema":"1a1c01bbd47fc00a2c39e90264f33305004495a9","hash":"d3fc9da3861059ef4072939ecafa4f6b63f45438"}
,"/Users/gsoft05/Desktop/Gsoft/Projects/music-app-training-rn/app/screens/Favorites/Shimmer.tsx": {"path":"/Users/gsoft05/Desktop/Gsoft/Projects/music-app-training-rn/app/screens/Favorites/Shimmer.tsx","statementMap":{"0":{"start":{"line":10,"column":49},"end":{"line":47,"column":1}},"1":{"start":{"line":11,"column":25},"end":{"line":11,"column":92}},"2":{"start":{"line":11,"column":62},"end":{"line":11,"column":91}},"3":{"start":{"line":12,"column":19},"end":{"line":12,"column":30}},"4":{"start":{"line":13,"column":40},"end":{"line":13,"column":64}},"5":{"start":{"line":14,"column":17},"end":{"line":16,"column":5}},"6":{"start":{"line":15,"column":8},"end":{"line":15,"column":70}},"7":{"start":{"line":15,"column":40},"end":{"line":15,"column":68}},"8":{"start":{"line":17,"column":22},"end":{"line":20,"column":10}},"9":{"start":{"line":18,"column":8},"end":{"line":18,"column":28}},"10":{"start":{"line":19,"column":8},"end":{"line":19,"column":52}},"11":{"start":{"line":19,"column":30},"end":{"line":19,"column":50}},"12":{"start":{"line":21,"column":30},"end":{"line":25,"column":5}},"13":{"start":{"line":22,"column":8},"end":{"line":24,"column":15}},"14":{"start":{"line":26,"column":4},"end":{"line":46,"column":6}}},"fnMap":{"0":{"name":"(anonymous_0)","decl":{"start":{"line":10,"column":49},"end":{"line":10,"column":50}},"loc":{"start":{"line":10,"column":55},"end":{"line":47,"column":1}},"line":10},"1":{"name":"(anonymous_1)","decl":{"start":{"line":11,"column":37},"end":{"line":11,"column":38}},"loc":{"start":{"line":11,"column":62},"end":{"line":11,"column":91}},"line":11},"2":{"name":"(anonymous_2)","decl":{"start":{"line":14,"column":17},"end":{"line":14,"column":18}},"loc":{"start":{"line":14,"column":38},"end":{"line":16,"column":5}},"line":14},"3":{"name":"(anonymous_3)","decl":{"start":{"line":15,"column":27},"end":{"line":15,"column":28}},"loc":{"start":{"line":15,"column":40},"end":{"line":15,"column":68}},"line":15},"4":{"name":"(anonymous_4)","decl":{"start":{"line":17,"column":40},"end":{"line":17,"column":41}},"loc":{"start":{"line":17,"column":46},"end":{"line":20,"column":5}},"line":17},"5":{"name":"(anonymous_5)","decl":{"start":{"line":19,"column":24},"end":{"line":19,"column":25}},"loc":{"start":{"line":19,"column":30},"end":{"line":19,"column":50}},"line":19},"6":{"name":"(anonymous_6)","decl":{"start":{"line":21,"column":30},"end":{"line":21,"column":31}},"loc":{"start":{"line":22,"column":8},"end":{"line":24,"column":15}},"line":22}},"branchMap":{},"s":{"0":2,"1":1,"2":0,"3":1,"4":1,"5":1,"6":0,"7":0,"8":1,"9":0,"10":0,"11":0,"12":1,"13":0,"14":1},"f":{"0":1,"1":0,"2":0,"3":0,"4":0,"5":0,"6":0},"b":{},"_coverageSchema":"1a1c01bbd47fc00a2c39e90264f33305004495a9","hash":"4b476b2cf210a7b66462d27ccc42b286b5cc895d"}
,"/Users/gsoft05/Desktop/Gsoft/Projects/music-app-training-rn/app/screens/Favorites/index.tsx": {"path":"/Users/gsoft05/Desktop/Gsoft/Projects/music-app-training-rn/app/screens/Favorites/index.tsx","statementMap":{"0":{"start":{"line":19,"column":28},"end":{"line":41,"column":1}},"1":{"start":{"line":20,"column":22},"end":{"line":20,"column":89}},"2":{"start":{"line":20,"column":53},"end":{"line":20,"column":88}},"3":{"start":{"line":22,"column":23},"end":{"line":22,"column":54}},"4":{"start":{"line":23,"column":19},"end":{"line":23,"column":30}},"5":{"start":{"line":25,"column":4},"end":{"line":40,"column":6}},"6":{"start":{"line":32,"column":28},"end":{"line":32,"column":56}}},"fnMap":{"0":{"name":"(anonymous_0)","decl":{"start":{"line":19,"column":28},"end":{"line":19,"column":29}},"loc":{"start":{"line":19,"column":34},"end":{"line":41,"column":1}},"line":19},"1":{"name":"(anonymous_1)","decl":{"start":{"line":20,"column":34},"end":{"line":20,"column":35}},"loc":{"start":{"line":20,"column":53},"end":{"line":20,"column":88}},"line":20},"2":{"name":"(anonymous_2)","decl":{"start":{"line":31,"column":33},"end":{"line":31,"column":34}},"loc":{"start":{"line":31,"column":39},"end":{"line":33,"column":25}},"line":31}},"branchMap":{"0":{"loc":{"start":{"line":38,"column":13},"end":{"line":38,"column":59}},"type":"cond-expr","locations":[{"start":{"line":38,"column":25},"end":{"line":38,"column":44}},{"start":{"line":38,"column":47},"end":{"line":38,"column":59}}],"line":38}},"s":{"0":1,"1":1,"2":0,"3":1,"4":1,"5":1,"6":0},"f":{"0":1,"1":0,"2":0},"b":{"0":[0,1]},"_coverageSchema":"1a1c01bbd47fc00a2c39e90264f33305004495a9","hash":"b91358825f8f73b373f770ab37f62ef548476237"}
,"/Users/gsoft05/Desktop/Gsoft/Projects/music-app-training-rn/app/screens/Favorites/styles.ts": {"path":"/Users/gsoft05/Desktop/Gsoft/Projects/music-app-training-rn/app/screens/Favorites/styles.ts","statementMap":{"0":{"start":{"line":9,"column":25},"end":{"line":44,"column":1}},"1":{"start":{"line":10,"column":18},"end":{"line":10,"column":28}},"2":{"start":{"line":11,"column":19},"end":{"line":42,"column":6}},"3":{"start":{"line":43,"column":4},"end":{"line":43,"column":18}}},"fnMap":{"0":{"name":"(anonymous_0)","decl":{"start":{"line":9,"column":25},"end":{"line":9,"column":26}},"loc":{"start":{"line":9,"column":31},"end":{"line":44,"column":1}},"line":9}},"branchMap":{},"s":{"0":2,"1":3,"2":3,"3":3},"f":{"0":3},"b":{},"_coverageSchema":"1a1c01bbd47fc00a2c39e90264f33305004495a9","hash":"b5d92e59c8f72cc56e565a055c22647561d6a6c2"}
,"/Users/gsoft05/Desktop/Gsoft/Projects/music-app-training-rn/app/screens/Home/Container.tsx": {"path":"/Users/gsoft05/Desktop/Gsoft/Projects/music-app-training-rn/app/screens/Home/Container.tsx","statementMap":{"0":{"start":{"line":20,"column":39},"end":{"line":125,"column":1}},"1":{"start":{"line":21,"column":54},"end":{"line":23,"column":5}},"2":{"start":{"line":22,"column":33},"end":{"line":22,"column":60}},"3":{"start":{"line":24,"column":21},"end":{"line":24,"column":88}},"4":{"start":{"line":24,"column":58},"end":{"line":24,"column":87}},"5":{"start":{"line":25,"column":21},"end":{"line":25,"column":95}},"6":{"start":{"line":25,"column":58},"end":{"line":25,"column":94}},"7":{"start":{"line":26,"column":22},"end":{"line":26,"column":36}},"8":{"start":{"line":27,"column":27},"end":{"line":27,"column":67}},"9":{"start":{"line":28,"column":21},"end":{"line":28,"column":34}},"10":{"start":{"line":29,"column":44},"end":{"line":29,"column":78}},"11":{"start":{"line":30,"column":18},"end":{"line":30,"column":34}},"12":{"start":{"line":31,"column":19},"end":{"line":31,"column":30}},"13":{"start":{"line":33,"column":4},"end":{"line":39,"column":20}},"14":{"start":{"line":34,"column":8},"end":{"line":38,"column":9}},"15":{"start":{"line":35,"column":12},"end":{"line":35,"column":38}},"16":{"start":{"line":40,"column":25},"end":{"line":42,"column":5}},"17":{"start":{"line":41,"column":8},"end":{"line":41,"column":37}},"18":{"start":{"line":44,"column":22},"end":{"line":51,"column":5}},"19":{"start":{"line":45,"column":8},"end":{"line":45,"column":23}},"20":{"start":{"line":46,"column":8},"end":{"line":50,"column":9}},"21":{"start":{"line":47,"column":12},"end":{"line":47,"column":28}},"22":{"start":{"line":49,"column":12},"end":{"line":49,"column":30}},"23":{"start":{"line":53,"column":34},"end":{"line":63,"column":5}},"24":{"start":{"line":54,"column":8},"end":{"line":62,"column":10}},"25":{"start":{"line":59,"column":16},"end":{"line":59,"column":45}},"26":{"start":{"line":60,"column":16},"end":{"line":60,"column":50}},"27":{"start":{"line":64,"column":31},"end":{"line":81,"column":5}},"28":{"start":{"line":65,"column":8},"end":{"line":80,"column":11}},"29":{"start":{"line":66,"column":45},"end":{"line":66,"column":92}},"30":{"start":{"line":76,"column":24},"end":{"line":76,"column":72}},"31":{"start":{"line":83,"column":4},"end":{"line":124,"column":6}}},"fnMap":{"0":{"name":"(anonymous_0)","decl":{"start":{"line":20,"column":39},"end":{"line":20,"column":40}},"loc":{"start":{"line":20,"column":58},"end":{"line":125,"column":1}},"line":20},"1":{"name":"(anonymous_1)","decl":{"start":{"line":22,"column":8},"end":{"line":22,"column":9}},"loc":{"start":{"line":22,"column":33},"end":{"line":22,"column":60}},"line":22},"2":{"name":"(anonymous_2)","decl":{"start":{"line":24,"column":33},"end":{"line":24,"column":34}},"loc":{"start":{"line":24,"column":58},"end":{"line":24,"column":87}},"line":24},"3":{"name":"(anonymous_3)","decl":{"start":{"line":25,"column":33},"end":{"line":25,"column":34}},"loc":{"start":{"line":25,"column":58},"end":{"line":25,"column":94}},"line":25},"4":{"name":"(anonymous_4)","decl":{"start":{"line":33,"column":14},"end":{"line":33,"column":15}},"loc":{"start":{"line":33,"column":20},"end":{"line":39,"column":5}},"line":33},"5":{"name":"(anonymous_5)","decl":{"start":{"line":40,"column":25},"end":{"line":40,"column":26}},"loc":{"start":{"line":40,"column":37},"end":{"line":42,"column":5}},"line":40},"6":{"name":"(anonymous_6)","decl":{"start":{"line":44,"column":22},"end":{"line":44,"column":23}},"loc":{"start":{"line":44,"column":28},"end":{"line":51,"column":5}},"line":44},"7":{"name":"(anonymous_7)","decl":{"start":{"line":53,"column":34},"end":{"line":53,"column":35}},"loc":{"start":{"line":54,"column":8},"end":{"line":62,"column":10}},"line":54},"8":{"name":"(anonymous_8)","decl":{"start":{"line":58,"column":21},"end":{"line":58,"column":22}},"loc":{"start":{"line":58,"column":27},"end":{"line":61,"column":13}},"line":58},"9":{"name":"(anonymous_9)","decl":{"start":{"line":64,"column":31},"end":{"line":64,"column":32}},"loc":{"start":{"line":65,"column":8},"end":{"line":80,"column":11}},"line":65},"10":{"name":"(anonymous_10)","decl":{"start":{"line":66,"column":39},"end":{"line":66,"column":40}},"loc":{"start":{"line":66,"column":45},"end":{"line":66,"column":92}},"line":66},"11":{"name":"(anonymous_11)","decl":{"start":{"line":74,"column":29},"end":{"line":74,"column":30}},"loc":{"start":{"line":74,"column":35},"end":{"line":77,"column":21}},"line":74}},"branchMap":{"0":{"loc":{"start":{"line":34,"column":8},"end":{"line":38,"column":9}},"type":"if","locations":[{"start":{"line":34,"column":8},"end":{"line":38,"column":9}},{"start":{"line":34,"column":8},"end":{"line":38,"column":9}}],"line":34},"1":{"loc":{"start":{"line":46,"column":8},"end":{"line":50,"column":9}},"type":"if","locations":[{"start":{"line":46,"column":8},"end":{"line":50,"column":9}},{"start":{"line":46,"column":8},"end":{"line":50,"column":9}}],"line":46},"2":{"loc":{"start":{"line":70,"column":24},"end":{"line":72,"column":86}},"type":"cond-expr","locations":[{"start":{"line":71,"column":30},"end":{"line":71,"column":53}},{"start":{"line":72,"column":30},"end":{"line":72,"column":86}}],"line":70},"3":{"loc":{"start":{"line":90,"column":21},"end":{"line":104,"column":21}},"type":"cond-expr","locations":[{"start":{"line":91,"column":24},"end":{"line":99,"column":26}},{"start":{"line":101,"column":24},"end":{"line":103,"column":31}}],"line":90},"4":{"loc":{"start":{"line":107,"column":21},"end":{"line":120,"column":21}},"type":"cond-expr","locations":[{"start":{"line":108,"column":24},"end":{"line":115,"column":26}},{"start":{"line":117,"column":24},"end":{"line":119,"column":31}}],"line":107}},"s":{"0":1,"1":1,"2":0,"3":1,"4":0,"5":1,"6":0,"7":1,"8":1,"9":1,"10":1,"11":1,"12":1,"13":1,"14":1,"15":0,"16":1,"17":0,"18":1,"19":0,"20":0,"21":0,"22":0,"23":1,"24":0,"25":0,"26":0,"27":1,"28":0,"29":0,"30":0,"31":1},"f":{"0":1,"1":0,"2":0,"3":0,"4":1,"5":0,"6":0,"7":0,"8":0,"9":0,"10":0,"11":0},"b":{"0":[0,1],"1":[0,0],"2":[0,0],"3":[0,1],"4":[0,1]},"_coverageSchema":"1a1c01bbd47fc00a2c39e90264f33305004495a9","hash":"2672caec92de21a019a218e49b310dbfa7ed233b"}
,"/Users/gsoft05/Desktop/Gsoft/Projects/music-app-training-rn/app/screens/Home/Shimmer.tsx": {"path":"/Users/gsoft05/Desktop/Gsoft/Projects/music-app-training-rn/app/screens/Home/Shimmer.tsx","statementMap":{"0":{"start":{"line":12,"column":30},"end":{"line":54,"column":1}},"1":{"start":{"line":13,"column":22},"end":{"line":13,"column":87}},"2":{"start":{"line":13,"column":59},"end":{"line":13,"column":86}},"3":{"start":{"line":14,"column":22},"end":{"line":14,"column":95}},"4":{"start":{"line":14,"column":59},"end":{"line":14,"column":94}},"5":{"start":{"line":15,"column":19},"end":{"line":15,"column":30}},"6":{"start":{"line":16,"column":18},"end":{"line":16,"column":34}},"7":{"start":{"line":18,"column":31},"end":{"line":20,"column":5}},"8":{"start":{"line":19,"column":8},"end":{"line":19,"column":84}},"9":{"start":{"line":21,"column":34},"end":{"line":23,"column":5}},"10":{"start":{"line":22,"column":8},"end":{"line":22,"column":68}},"11":{"start":{"line":25,"column":4},"end":{"line":53,"column":6}}},"fnMap":{"0":{"name":"(anonymous_0)","decl":{"start":{"line":12,"column":30},"end":{"line":12,"column":31}},"loc":{"start":{"line":12,"column":49},"end":{"line":54,"column":1}},"line":12},"1":{"name":"(anonymous_1)","decl":{"start":{"line":13,"column":34},"end":{"line":13,"column":35}},"loc":{"start":{"line":13,"column":59},"end":{"line":13,"column":86}},"line":13},"2":{"name":"(anonymous_2)","decl":{"start":{"line":14,"column":34},"end":{"line":14,"column":35}},"loc":{"start":{"line":14,"column":59},"end":{"line":14,"column":94}},"line":14},"3":{"name":"(anonymous_3)","decl":{"start":{"line":18,"column":31},"end":{"line":18,"column":32}},"loc":{"start":{"line":19,"column":8},"end":{"line":19,"column":84}},"line":19},"4":{"name":"(anonymous_4)","decl":{"start":{"line":21,"column":34},"end":{"line":21,"column":35}},"loc":{"start":{"line":22,"column":8},"end":{"line":22,"column":68}},"line":22}},"branchMap":{},"s":{"0":2,"1":1,"2":0,"3":1,"4":0,"5":1,"6":1,"7":1,"8":0,"9":1,"10":0,"11":1},"f":{"0":1,"1":0,"2":0,"3":0,"4":0},"b":{},"_coverageSchema":"1a1c01bbd47fc00a2c39e90264f33305004495a9","hash":"0c61804353984bd06bc94fec25beeddddcf4e1cf"}
,"/Users/gsoft05/Desktop/Gsoft/Projects/music-app-training-rn/app/screens/Home/index.tsx": {"path":"/Users/gsoft05/Desktop/Gsoft/Projects/music-app-training-rn/app/screens/Home/index.tsx","statementMap":{"0":{"start":{"line":11,"column":30},"end":{"line":35,"column":1}},"1":{"start":{"line":12,"column":21},"end":{"line":12,"column":95}},"2":{"start":{"line":12,"column":58},"end":{"line":12,"column":94}},"3":{"start":{"line":14,"column":21},"end":{"line":14,"column":34}},"4":{"start":{"line":15,"column":19},"end":{"line":15,"column":30}},"5":{"start":{"line":16,"column":4},"end":{"line":18,"column":11}},"6":{"start":{"line":17,"column":8},"end":{"line":17,"column":20}},"7":{"start":{"line":20,"column":25},"end":{"line":22,"column":5}},"8":{"start":{"line":21,"column":8},"end":{"line":21,"column":37}},"9":{"start":{"line":23,"column":22},"end":{"line":29,"column":5}},"10":{"start":{"line":24,"column":8},"end":{"line":24,"column":23}},"11":{"start":{"line":25,"column":8},"end":{"line":28,"column":9}},"12":{"start":{"line":26,"column":12},"end":{"line":26,"column":28}},"13":{"start":{"line":30,"column":4},"end":{"line":34,"column":6}}},"fnMap":{"0":{"name":"(anonymous_0)","decl":{"start":{"line":11,"column":30},"end":{"line":11,"column":31}},"loc":{"start":{"line":11,"column":49},"end":{"line":35,"column":1}},"line":11},"1":{"name":"(anonymous_1)","decl":{"start":{"line":12,"column":33},"end":{"line":12,"column":34}},"loc":{"start":{"line":12,"column":58},"end":{"line":12,"column":94}},"line":12},"2":{"name":"(anonymous_2)","decl":{"start":{"line":16,"column":14},"end":{"line":16,"column":15}},"loc":{"start":{"line":16,"column":20},"end":{"line":18,"column":5}},"line":16},"3":{"name":"(anonymous_3)","decl":{"start":{"line":20,"column":25},"end":{"line":20,"column":26}},"loc":{"start":{"line":20,"column":37},"end":{"line":22,"column":5}},"line":20},"4":{"name":"(anonymous_4)","decl":{"start":{"line":23,"column":22},"end":{"line":23,"column":23}},"loc":{"start":{"line":23,"column":28},"end":{"line":29,"column":5}},"line":23}},"branchMap":{"0":{"loc":{"start":{"line":25,"column":8},"end":{"line":28,"column":9}},"type":"if","locations":[{"start":{"line":25,"column":8},"end":{"line":28,"column":9}},{"start":{"line":25,"column":8},"end":{"line":28,"column":9}}],"line":25},"1":{"loc":{"start":{"line":32,"column":44},"end":{"line":32,"column":90}},"type":"cond-expr","locations":[{"start":{"line":32,"column":55},"end":{"line":32,"column":70}},{"start":{"line":32,"column":73},"end":{"line":32,"column":90}}],"line":32}},"s":{"0":1,"1":1,"2":0,"3":1,"4":1,"5":1,"6":1,"7":1,"8":1,"9":1,"10":1,"11":1,"12":0,"13":1},"f":{"0":1,"1":0,"2":1,"3":1,"4":1},"b":{"0":[0,1],"1":[0,1]},"_coverageSchema":"1a1c01bbd47fc00a2c39e90264f33305004495a9","hash":"c4f8310912115f0a0a1644a2d07d27bae381f9a1"}
,"/Users/gsoft05/Desktop/Gsoft/Projects/music-app-training-rn/app/screens/Home/styles.ts": {"path":"/Users/gsoft05/Desktop/Gsoft/Projects/music-app-training-rn/app/screens/Home/styles.ts","statementMap":{"0":{"start":{"line":5,"column":25},"end":{"line":47,"column":1}},"1":{"start":{"line":6,"column":18},"end":{"line":6,"column":28}},"2":{"start":{"line":7,"column":19},"end":{"line":45,"column":6}},"3":{"start":{"line":46,"column":4},"end":{"line":46,"column":18}}},"fnMap":{"0":{"name":"(anonymous_0)","decl":{"start":{"line":5,"column":25},"end":{"line":5,"column":26}},"loc":{"start":{"line":5,"column":31},"end":{"line":47,"column":1}},"line":5}},"branchMap":{},"s":{"0":2,"1":3,"2":3,"3":3},"f":{"0":3},"b":{},"_coverageSchema":"1a1c01bbd47fc00a2c39e90264f33305004495a9","hash":"6f31fef0b403c947b96a1f02446f52ed8756a5fa"}
,"/Users/gsoft05/Desktop/Gsoft/Projects/music-app-training-rn/app/screens/Playlist/PlaylistConatiner.tsx": {"path":"/Users/gsoft05/Desktop/Gsoft/Projects/music-app-training-rn/app/screens/Playlist/PlaylistConatiner.tsx","statementMap":{"0":{"start":{"line":17,"column":42},"end":{"line":127,"column":1}},"1":{"start":{"line":18,"column":19},"end":{"line":18,"column":30}},"2":{"start":{"line":19,"column":21},"end":{"line":19,"column":34}},"3":{"start":{"line":20,"column":21},"end":{"line":20,"column":87}},"4":{"start":{"line":20,"column":58},"end":{"line":20,"column":86}},"5":{"start":{"line":21,"column":29},"end":{"line":21,"column":47}},"6":{"start":{"line":22,"column":18},"end":{"line":22,"column":34}},"7":{"start":{"line":23,"column":44},"end":{"line":23,"column":58}},"8":{"start":{"line":24,"column":23},"end":{"line":24,"column":33}},"9":{"start":{"line":25,"column":34},"end":{"line":25,"column":51}},"10":{"start":{"line":26,"column":32},"end":{"line":26,"column":80}},"11":{"start":{"line":27,"column":20},"end":{"line":29,"column":5}},"12":{"start":{"line":28,"column":8},"end":{"line":28,"column":30}},"13":{"start":{"line":31,"column":4},"end":{"line":39,"column":27}},"14":{"start":{"line":32,"column":8},"end":{"line":38,"column":9}},"15":{"start":{"line":33,"column":53},"end":{"line":36,"column":13}},"16":{"start":{"line":35,"column":20},"end":{"line":35,"column":74}},"17":{"start":{"line":37,"column":12},"end":{"line":37,"column":31}},"18":{"start":{"line":41,"column":4},"end":{"line":48,"column":19}},"19":{"start":{"line":42,"column":8},"end":{"line":47,"column":9}},"20":{"start":{"line":43,"column":53},"end":{"line":45,"column":13}},"21":{"start":{"line":44,"column":52},"end":{"line":44,"column":98}},"22":{"start":{"line":46,"column":12},"end":{"line":46,"column":31}},"23":{"start":{"line":50,"column":31},"end":{"line":67,"column":5}},"24":{"start":{"line":51,"column":8},"end":{"line":66,"column":29}},"25":{"start":{"line":61,"column":24},"end":{"line":61,"column":53}},"26":{"start":{"line":62,"column":24},"end":{"line":62,"column":58}},"27":{"start":{"line":70,"column":4},"end":{"line":126,"column":6}},"28":{"start":{"line":111,"column":43},"end":{"line":111,"column":83}},"29":{"start":{"line":113,"column":20},"end":{"line":115,"column":27}}},"fnMap":{"0":{"name":"(anonymous_0)","decl":{"start":{"line":17,"column":42},"end":{"line":17,"column":43}},"loc":{"start":{"line":17,"column":61},"end":{"line":127,"column":1}},"line":17},"1":{"name":"(anonymous_1)","decl":{"start":{"line":20,"column":33},"end":{"line":20,"column":34}},"loc":{"start":{"line":20,"column":58},"end":{"line":20,"column":86}},"line":20},"2":{"name":"(anonymous_2)","decl":{"start":{"line":27,"column":20},"end":{"line":27,"column":21}},"loc":{"start":{"line":27,"column":36},"end":{"line":29,"column":5}},"line":27},"3":{"name":"(anonymous_3)","decl":{"start":{"line":31,"column":14},"end":{"line":31,"column":15}},"loc":{"start":{"line":31,"column":20},"end":{"line":39,"column":5}},"line":31},"4":{"name":"(anonymous_4)","decl":{"start":{"line":34,"column":16},"end":{"line":34,"column":17}},"loc":{"start":{"line":35,"column":20},"end":{"line":35,"column":74}},"line":35},"5":{"name":"(anonymous_5)","decl":{"start":{"line":41,"column":14},"end":{"line":41,"column":15}},"loc":{"start":{"line":41,"column":20},"end":{"line":48,"column":5}},"line":41},"6":{"name":"(anonymous_6)","decl":{"start":{"line":44,"column":16},"end":{"line":44,"column":17}},"loc":{"start":{"line":44,"column":52},"end":{"line":44,"column":98}},"line":44},"7":{"name":"(anonymous_7)","decl":{"start":{"line":50,"column":31},"end":{"line":50,"column":32}},"loc":{"start":{"line":51,"column":8},"end":{"line":66,"column":29}},"line":51},"8":{"name":"(anonymous_8)","decl":{"start":{"line":60,"column":29},"end":{"line":60,"column":30}},"loc":{"start":{"line":60,"column":35},"end":{"line":63,"column":21}},"line":60},"9":{"name":"(anonymous_9)","decl":{"start":{"line":111,"column":37},"end":{"line":111,"column":38}},"loc":{"start":{"line":111,"column":43},"end":{"line":111,"column":83}},"line":111},"10":{"name":"(anonymous_10)","decl":{"start":{"line":112,"column":33},"end":{"line":112,"column":34}},"loc":{"start":{"line":113,"column":20},"end":{"line":115,"column":27}},"line":113}},"branchMap":{"0":{"loc":{"start":{"line":32,"column":8},"end":{"line":38,"column":9}},"type":"if","locations":[{"start":{"line":32,"column":8},"end":{"line":38,"column":9}},{"start":{"line":32,"column":8},"end":{"line":38,"column":9}}],"line":32},"1":{"loc":{"start":{"line":42,"column":8},"end":{"line":47,"column":9}},"type":"if","locations":[{"start":{"line":42,"column":8},"end":{"line":47,"column":9}},{"start":{"line":42,"column":8},"end":{"line":47,"column":9}}],"line":42},"2":{"loc":{"start":{"line":75,"column":24},"end":{"line":77,"column":86}},"type":"cond-expr","locations":[{"start":{"line":76,"column":30},"end":{"line":76,"column":65}},{"start":{"line":77,"column":30},"end":{"line":77,"column":86}}],"line":75},"3":{"loc":{"start":{"line":86,"column":38},"end":{"line":86,"column":76}},"type":"binary-expr","locations":[{"start":{"line":86,"column":38},"end":{"line":86,"column":62}},{"start":{"line":86,"column":66},"end":{"line":86,"column":76}}],"line":86},"4":{"loc":{"start":{"line":92,"column":17},"end":{"line":105,"column":17}},"type":"cond-expr","locations":[{"start":{"line":93,"column":20},"end":{"line":99,"column":22}},{"start":{"line":101,"column":20},"end":{"line":104,"column":27}}],"line":92}},"s":{"0":1,"1":2,"2":1,"3":1,"4":0,"5":1,"6":1,"7":1,"8":1,"9":1,"10":0,"11":0,"12":0,"13":0,"14":0,"15":0,"16":0,"17":0,"18":0,"19":0,"20":0,"21":0,"22":0,"23":0,"24":0,"25":0,"26":0,"27":0,"28":0,"29":0},"f":{"0":2,"1":0,"2":0,"3":0,"4":0,"5":0,"6":0,"7":0,"8":0,"9":0,"10":0},"b":{"0":[0,0],"1":[0,0],"2":[0,0],"3":[0,0],"4":[0,0]},"_coverageSchema":"1a1c01bbd47fc00a2c39e90264f33305004495a9","hash":"684b55e848059ff45316fb8ba47e56a699c2dd48"}
,"/Users/gsoft05/Desktop/Gsoft/Projects/music-app-training-rn/app/screens/Playlist/PlaylistModal.tsx": {"path":"/Users/gsoft05/Desktop/Gsoft/Projects/music-app-training-rn/app/screens/Playlist/PlaylistModal.tsx","statementMap":{"0":{"start":{"line":17,"column":44},"end":{"line":172,"column":1}},"1":{"start":{"line":23,"column":19},"end":{"line":23,"column":30}},"2":{"start":{"line":24,"column":18},"end":{"line":24,"column":28}},"3":{"start":{"line":25,"column":21},"end":{"line":25,"column":34}},"4":{"start":{"line":26,"column":21},"end":{"line":26,"column":87}},"5":{"start":{"line":26,"column":58},"end":{"line":26,"column":86}},"6":{"start":{"line":27,"column":56},"end":{"line":27,"column":80}},"7":{"start":{"line":28,"column":46},"end":{"line":28,"column":70}},"8":{"start":{"line":29,"column":25},"end":{"line":29,"column":92}},"9":{"start":{"line":29,"column":62},"end":{"line":29,"column":91}},"10":{"start":{"line":31,"column":33},"end":{"line":45,"column":5}},"11":{"start":{"line":32,"column":21},"end":{"line":34,"column":9}},"12":{"start":{"line":33,"column":40},"end":{"line":33,"column":62}},"13":{"start":{"line":36,"column":28},"end":{"line":36,"column":72}},"14":{"start":{"line":37,"column":33},"end":{"line":43,"column":10}},"15":{"start":{"line":38,"column":12},"end":{"line":42,"column":13}},"16":{"start":{"line":39,"column":16},"end":{"line":39,"column":35}},"17":{"start":{"line":41,"column":16},"end":{"line":41,"column":31}},"18":{"start":{"line":44,"column":8},"end":{"line":44,"column":55}},"19":{"start":{"line":47,"column":28},"end":{"line":55,"column":5}},"20":{"start":{"line":48,"column":8},"end":{"line":48,"column":55}},"21":{"start":{"line":49,"column":56},"end":{"line":49,"column":68}},"22":{"start":{"line":50,"column":22},"end":{"line":50,"column":92}},"23":{"start":{"line":50,"column":69},"end":{"line":50,"column":91}},"24":{"start":{"line":51,"column":8},"end":{"line":54,"column":9}},"25":{"start":{"line":52,"column":12},"end":{"line":52,"column":28}},"26":{"start":{"line":53,"column":12},"end":{"line":53,"column":48}},"27":{"start":{"line":56,"column":28},"end":{"line":59,"column":5}},"28":{"start":{"line":57,"column":8},"end":{"line":57,"column":30}},"29":{"start":{"line":58,"column":8},"end":{"line":58,"column":37}},"30":{"start":{"line":60,"column":34},"end":{"line":65,"column":5}},"31":{"start":{"line":61,"column":8},"end":{"line":61,"column":31}},"32":{"start":{"line":62,"column":8},"end":{"line":64,"column":16}},"33":{"start":{"line":63,"column":12},"end":{"line":63,"column":40}},"34":{"start":{"line":67,"column":27},"end":{"line":70,"column":5}},"35":{"start":{"line":68,"column":8},"end":{"line":68,"column":31}},"36":{"start":{"line":69,"column":8},"end":{"line":69,"column":37}},"37":{"start":{"line":72,"column":4},"end":{"line":171,"column":6}},"38":{"start":{"line":94,"column":28},"end":{"line":94,"column":63}},"39":{"start":{"line":95,"column":28},"end":{"line":95,"column":55}},"40":{"start":{"line":117,"column":28},"end":{"line":117,"column":63}},"41":{"start":{"line":118,"column":28},"end":{"line":118,"column":46}},"42":{"start":{"line":139,"column":28},"end":{"line":139,"column":63}},"43":{"start":{"line":140,"column":28},"end":{"line":140,"column":46}}},"fnMap":{"0":{"name":"(anonymous_0)","decl":{"start":{"line":17,"column":44},"end":{"line":17,"column":45}},"loc":{"start":{"line":22,"column":6},"end":{"line":172,"column":1}},"line":22},"1":{"name":"(anonymous_1)","decl":{"start":{"line":26,"column":33},"end":{"line":26,"column":34}},"loc":{"start":{"line":26,"column":58},"end":{"line":26,"column":86}},"line":26},"2":{"name":"(anonymous_2)","decl":{"start":{"line":29,"column":37},"end":{"line":29,"column":38}},"loc":{"start":{"line":29,"column":62},"end":{"line":29,"column":91}},"line":29},"3":{"name":"(anonymous_3)","decl":{"start":{"line":31,"column":33},"end":{"line":31,"column":34}},"loc":{"start":{"line":31,"column":58},"end":{"line":45,"column":5}},"line":31},"4":{"name":"(anonymous_4)","decl":{"start":{"line":33,"column":12},"end":{"line":33,"column":13}},"loc":{"start":{"line":33,"column":40},"end":{"line":33,"column":62}},"line":33},"5":{"name":"(anonymous_5)","decl":{"start":{"line":37,"column":46},"end":{"line":37,"column":47}},"loc":{"start":{"line":37,"column":74},"end":{"line":43,"column":9}},"line":37},"6":{"name":"(anonymous_6)","decl":{"start":{"line":47,"column":28},"end":{"line":47,"column":29}},"loc":{"start":{"line":47,"column":34},"end":{"line":55,"column":5}},"line":47},"7":{"name":"(anonymous_7)","decl":{"start":{"line":50,"column":41},"end":{"line":50,"column":42}},"loc":{"start":{"line":50,"column":69},"end":{"line":50,"column":91}},"line":50},"8":{"name":"(anonymous_8)","decl":{"start":{"line":56,"column":28},"end":{"line":56,"column":29}},"loc":{"start":{"line":56,"column":34},"end":{"line":59,"column":5}},"line":56},"9":{"name":"(anonymous_9)","decl":{"start":{"line":60,"column":34},"end":{"line":60,"column":35}},"loc":{"start":{"line":60,"column":40},"end":{"line":65,"column":5}},"line":60},"10":{"name":"(anonymous_10)","decl":{"start":{"line":62,"column":19},"end":{"line":62,"column":20}},"loc":{"start":{"line":62,"column":25},"end":{"line":64,"column":9}},"line":62},"11":{"name":"(anonymous_11)","decl":{"start":{"line":67,"column":27},"end":{"line":67,"column":28}},"loc":{"start":{"line":67,"column":33},"end":{"line":70,"column":5}},"line":67},"12":{"name":"(anonymous_12)","decl":{"start":{"line":93,"column":33},"end":{"line":93,"column":34}},"loc":{"start":{"line":93,"column":39},"end":{"line":96,"column":25}},"line":93},"13":{"name":"(anonymous_13)","decl":{"start":{"line":116,"column":33},"end":{"line":116,"column":34}},"loc":{"start":{"line":116,"column":39},"end":{"line":119,"column":25}},"line":116},"14":{"name":"(anonymous_14)","decl":{"start":{"line":138,"column":33},"end":{"line":138,"column":34}},"loc":{"start":{"line":138,"column":39},"end":{"line":141,"column":25}},"line":138}},"branchMap":{"0":{"loc":{"start":{"line":38,"column":12},"end":{"line":42,"column":13}},"type":"if","locations":[{"start":{"line":38,"column":12},"end":{"line":42,"column":13}},{"start":{"line":38,"column":12},"end":{"line":42,"column":13}}],"line":38},"1":{"loc":{"start":{"line":51,"column":8},"end":{"line":54,"column":9}},"type":"if","locations":[{"start":{"line":51,"column":8},"end":{"line":54,"column":9}},{"start":{"line":51,"column":8},"end":{"line":54,"column":9}}],"line":51},"2":{"loc":{"start":{"line":102,"column":36},"end":{"line":102,"column":72}},"type":"cond-expr","locations":[{"start":{"line":102,"column":50},"end":{"line":102,"column":59}},{"start":{"line":102,"column":62},"end":{"line":102,"column":72}}],"line":102},"3":{"loc":{"start":{"line":125,"column":36},"end":{"line":125,"column":72}},"type":"cond-expr","locations":[{"start":{"line":125,"column":50},"end":{"line":125,"column":59}},{"start":{"line":125,"column":62},"end":{"line":125,"column":72}}],"line":125},"4":{"loc":{"start":{"line":147,"column":36},"end":{"line":147,"column":72}},"type":"cond-expr","locations":[{"start":{"line":147,"column":50},"end":{"line":147,"column":59}},{"start":{"line":147,"column":62},"end":{"line":147,"column":72}}],"line":147},"5":{"loc":{"start":{"line":157,"column":13},"end":{"line":162,"column":13}},"type":"binary-expr","locations":[{"start":{"line":157,"column":13},"end":{"line":157,"column":31}},{"start":{"line":158,"column":16},"end":{"line":161,"column":18}}],"line":157},"6":{"loc":{"start":{"line":163,"column":13},"end":{"line":169,"column":13}},"type":"binary-expr","locations":[{"start":{"line":163,"column":13},"end":{"line":163,"column":27}},{"start":{"line":164,"column":16},"end":{"line":168,"column":18}}],"line":163}},"s":{"0":2,"1":3,"2":3,"3":3,"4":3,"5":0,"6":3,"7":3,"8":3,"9":0,"10":3,"11":0,"12":0,"13":0,"14":0,"15":0,"16":0,"17":0,"18":0,"19":3,"20":0,"21":0,"22":0,"23":0,"24":0,"25":0,"26":0,"27":3,"28":0,"29":0,"30":3,"31":0,"32":0,"33":0,"34":3,"35":0,"36":0,"37":3,"38":0,"39":0,"40":0,"41":0,"42":0,"43":0},"f":{"0":3,"1":0,"2":0,"3":0,"4":0,"5":0,"6":0,"7":0,"8":0,"9":0,"10":0,"11":0,"12":0,"13":0,"14":0},"b":{"0":[0,0],"1":[0,0],"2":[0,3],"3":[0,3],"4":[0,3],"5":[3,0],"6":[3,0]},"_coverageSchema":"1a1c01bbd47fc00a2c39e90264f33305004495a9","hash":"17b56f2bfd009dbb1af7d33cad9cac0e04a7dc71"}
,"/Users/gsoft05/Desktop/Gsoft/Projects/music-app-training-rn/app/screens/Playlist/PlaylistShimmer.tsx": {"path":"/Users/gsoft05/Desktop/Gsoft/Projects/music-app-training-rn/app/screens/Playlist/PlaylistShimmer.tsx","statementMap":{"0":{"start":{"line":11,"column":49},"end":{"line":58,"column":1}},"1":{"start":{"line":12,"column":19},"end":{"line":12,"column":30}},"2":{"start":{"line":13,"column":29},"end":{"line":13,"column":47}},"3":{"start":{"line":14,"column":23},"end":{"line":14,"column":33}},"4":{"start":{"line":15,"column":17},"end":{"line":15,"column":34}},"5":{"start":{"line":16,"column":18},"end":{"line":16,"column":34}},"6":{"start":{"line":18,"column":31},"end":{"line":30,"column":5}},"7":{"start":{"line":19,"column":8},"end":{"line":29,"column":29}},"8":{"start":{"line":32,"column":4},"end":{"line":57,"column":6}}},"fnMap":{"0":{"name":"(anonymous_0)","decl":{"start":{"line":11,"column":49},"end":{"line":11,"column":50}},"loc":{"start":{"line":11,"column":55},"end":{"line":58,"column":1}},"line":11},"1":{"name":"(anonymous_1)","decl":{"start":{"line":18,"column":31},"end":{"line":18,"column":32}},"loc":{"start":{"line":19,"column":8},"end":{"line":29,"column":29}},"line":19}},"branchMap":{"0":{"loc":{"start":{"line":41,"column":17},"end":{"line":54,"column":17}},"type":"cond-expr","locations":[{"start":{"line":42,"column":20},"end":{"line":48,"column":22}},{"start":{"line":50,"column":20},"end":{"line":53,"column":27}}],"line":41}},"s":{"0":2,"1":2,"2":1,"3":1,"4":1,"5":0,"6":0,"7":0,"8":0},"f":{"0":2,"1":0},"b":{"0":[0,0]},"_coverageSchema":"1a1c01bbd47fc00a2c39e90264f33305004495a9","hash":"2187c17960007d9b3dd6c5fc0ffed3dd4503e61c"}
,"/Users/gsoft05/Desktop/Gsoft/Projects/music-app-training-rn/app/screens/Playlist/index.tsx": {"path":"/Users/gsoft05/Desktop/Gsoft/Projects/music-app-training-rn/app/screens/Playlist/index.tsx","statementMap":{"0":{"start":{"line":21,"column":27},"end":{"line":60,"column":1}},"1":{"start":{"line":22,"column":22},"end":{"line":22,"column":89}},"2":{"start":{"line":22,"column":53},"end":{"line":22,"column":88}},"3":{"start":{"line":24,"column":18},"end":{"line":24,"column":34}},"4":{"start":{"line":26,"column":23},"end":{"line":26,"column":54}},"5":{"start":{"line":27,"column":19},"end":{"line":27,"column":30}},"6":{"start":{"line":28,"column":4},"end":{"line":34,"column":7}},"7":{"start":{"line":29,"column":8},"end":{"line":33,"column":9}},"8":{"start":{"line":30,"column":12},"end":{"line":30,"column":32}},"9":{"start":{"line":32,"column":12},"end":{"line":32,"column":34}},"10":{"start":{"line":36,"column":4},"end":{"line":59,"column":6}},"11":{"start":{"line":43,"column":32},"end":{"line":43,"column":60}}},"fnMap":{"0":{"name":"(anonymous_0)","decl":{"start":{"line":21,"column":27},"end":{"line":21,"column":28}},"loc":{"start":{"line":21,"column":33},"end":{"line":60,"column":1}},"line":21},"1":{"name":"(anonymous_1)","decl":{"start":{"line":22,"column":34},"end":{"line":22,"column":35}},"loc":{"start":{"line":22,"column":53},"end":{"line":22,"column":88}},"line":22},"2":{"name":"(anonymous_2)","decl":{"start":{"line":28,"column":14},"end":{"line":28,"column":15}},"loc":{"start":{"line":28,"column":20},"end":{"line":34,"column":5}},"line":28},"3":{"name":"(anonymous_3)","decl":{"start":{"line":42,"column":37},"end":{"line":42,"column":38}},"loc":{"start":{"line":42,"column":43},"end":{"line":44,"column":29}},"line":42}},"branchMap":{"0":{"loc":{"start":{"line":29,"column":8},"end":{"line":33,"column":9}},"type":"if","locations":[{"start":{"line":29,"column":8},"end":{"line":33,"column":9}},{"start":{"line":29,"column":8},"end":{"line":33,"column":9}}],"line":29},"1":{"loc":{"start":{"line":57,"column":13},"end":{"line":57,"column":68}},"type":"cond-expr","locations":[{"start":{"line":57,"column":25},"end":{"line":57,"column":44}},{"start":{"line":57,"column":47},"end":{"line":57,"column":68}}],"line":57}},"s":{"0":1,"1":2,"2":0,"3":2,"4":2,"5":2,"6":1,"7":0,"8":0,"9":0,"10":1,"11":0},"f":{"0":2,"1":0,"2":0,"3":0},"b":{"0":[0,0],"1":[0,1]},"_coverageSchema":"1a1c01bbd47fc00a2c39e90264f33305004495a9","hash":"a299e0c41eb4324c317d84478bd12386f4489244"}
,"/Users/gsoft05/Desktop/Gsoft/Projects/music-app-training-rn/app/screens/Playlist/styles.ts": {"path":"/Users/gsoft05/Desktop/Gsoft/Projects/music-app-training-rn/app/screens/Playlist/styles.ts","statementMap":{"0":{"start":{"line":9,"column":25},"end":{"line":265,"column":1}},"1":{"start":{"line":10,"column":18},"end":{"line":10,"column":28}},"2":{"start":{"line":11,"column":19},"end":{"line":263,"column":6}},"3":{"start":{"line":264,"column":4},"end":{"line":264,"column":18}}},"fnMap":{"0":{"name":"(anonymous_0)","decl":{"start":{"line":9,"column":25},"end":{"line":9,"column":26}},"loc":{"start":{"line":9,"column":31},"end":{"line":265,"column":1}},"line":9}},"branchMap":{},"s":{"0":3,"1":9,"2":6,"3":6},"f":{"0":9},"b":{},"_coverageSchema":"1a1c01bbd47fc00a2c39e90264f33305004495a9","hash":"83fbb573c1fb684b916a01302ea1a4f200fbf201"}
,"/Users/gsoft05/Desktop/Gsoft/Projects/music-app-training-rn/app/screens/PlaylistAndAlbums/PlaylistAndAlbumsConatiner.tsx": {"path":"/Users/gsoft05/Desktop/Gsoft/Projects/music-app-training-rn/app/screens/PlaylistAndAlbums/PlaylistAndAlbumsConatiner.tsx","statementMap":{"0":{"start":{"line":20,"column":57},"end":{"line":168,"column":1}},"1":{"start":{"line":21,"column":41},"end":{"line":23,"column":5}},"2":{"start":{"line":22,"column":33},"end":{"line":22,"column":63}},"3":{"start":{"line":24,"column":19},"end":{"line":24,"column":30}},"4":{"start":{"line":25,"column":18},"end":{"line":25,"column":28}},"5":{"start":{"line":26,"column":21},"end":{"line":26,"column":34}},"6":{"start":{"line":27,"column":29},"end":{"line":27,"column":47}},"7":{"start":{"line":28,"column":21},"end":{"line":28,"column":87}},"8":{"start":{"line":28,"column":58},"end":{"line":28,"column":86}},"9":{"start":{"line":29,"column":24},"end":{"line":29,"column":29}},"10":{"start":{"line":30,"column":50},"end":{"line":30,"column":84}},"11":{"start":{"line":31,"column":48},"end":{"line":31,"column":62}},"12":{"start":{"line":32,"column":60},"end":{"line":32,"column":75}},"13":{"start":{"line":33,"column":21},"end":{"line":33,"column":95}},"14":{"start":{"line":33,"column":58},"end":{"line":33,"column":94}},"15":{"start":{"line":34,"column":23},"end":{"line":34,"column":38}},"16":{"start":{"line":35,"column":18},"end":{"line":35,"column":34}},"17":{"start":{"line":37,"column":30},"end":{"line":51,"column":5}},"18":{"start":{"line":38,"column":22},"end":{"line":38,"column":81}},"19":{"start":{"line":38,"column":54},"end":{"line":38,"column":80}},"20":{"start":{"line":39,"column":21},"end":{"line":39,"column":25}},"21":{"start":{"line":40,"column":8},"end":{"line":40,"column":51}},"22":{"start":{"line":40,"column":20},"end":{"line":40,"column":51}},"23":{"start":{"line":42,"column":26},"end":{"line":48,"column":10}},"24":{"start":{"line":43,"column":12},"end":{"line":47,"column":13}},"25":{"start":{"line":44,"column":16},"end":{"line":44,"column":28}},"26":{"start":{"line":46,"column":16},"end":{"line":46,"column":28}},"27":{"start":{"line":50,"column":8},"end":{"line":50,"column":39}},"28":{"start":{"line":53,"column":27},"end":{"line":55,"column":5}},"29":{"start":{"line":54,"column":8},"end":{"line":54,"column":55}},"30":{"start":{"line":57,"column":27},"end":{"line":59,"column":5}},"31":{"start":{"line":58,"column":8},"end":{"line":58,"column":32}},"32":{"start":{"line":60,"column":31},"end":{"line":81,"column":5}},"33":{"start":{"line":61,"column":8},"end":{"line":80,"column":11}},"34":{"start":{"line":62,"column":45},"end":{"line":62,"column":68}},"35":{"start":{"line":76,"column":24},"end":{"line":76,"column":72}},"36":{"start":{"line":83,"column":22},"end":{"line":90,"column":5}},"37":{"start":{"line":85,"column":8},"end":{"line":89,"column":9}},"38":{"start":{"line":86,"column":12},"end":{"line":86,"column":41}},"39":{"start":{"line":88,"column":12},"end":{"line":88,"column":43}},"40":{"start":{"line":91,"column":4},"end":{"line":95,"column":26}},"41":{"start":{"line":92,"column":8},"end":{"line":94,"column":9}},"42":{"start":{"line":93,"column":12},"end":{"line":93,"column":41}},"43":{"start":{"line":98,"column":4},"end":{"line":167,"column":6}},"44":{"start":{"line":107,"column":81},"end":{"line":107,"column":97}},"45":{"start":{"line":152,"column":43},"end":{"line":152,"column":83}},"46":{"start":{"line":154,"column":20},"end":{"line":156,"column":27}}},"fnMap":{"0":{"name":"(anonymous_0)","decl":{"start":{"line":20,"column":57},"end":{"line":20,"column":58}},"loc":{"start":{"line":20,"column":76},"end":{"line":168,"column":1}},"line":20},"1":{"name":"(anonymous_1)","decl":{"start":{"line":22,"column":8},"end":{"line":22,"column":9}},"loc":{"start":{"line":22,"column":33},"end":{"line":22,"column":63}},"line":22},"2":{"name":"(anonymous_2)","decl":{"start":{"line":28,"column":33},"end":{"line":28,"column":34}},"loc":{"start":{"line":28,"column":58},"end":{"line":28,"column":86}},"line":28},"3":{"name":"(anonymous_3)","decl":{"start":{"line":33,"column":33},"end":{"line":33,"column":34}},"loc":{"start":{"line":33,"column":58},"end":{"line":33,"column":94}},"line":33},"4":{"name":"(anonymous_4)","decl":{"start":{"line":37,"column":30},"end":{"line":37,"column":31}},"loc":{"start":{"line":37,"column":55},"end":{"line":51,"column":5}},"line":37},"5":{"name":"(anonymous_5)","decl":{"start":{"line":38,"column":39},"end":{"line":38,"column":40}},"loc":{"start":{"line":38,"column":54},"end":{"line":38,"column":80}},"line":38},"6":{"name":"(anonymous_6)","decl":{"start":{"line":42,"column":39},"end":{"line":42,"column":40}},"loc":{"start":{"line":42,"column":64},"end":{"line":48,"column":9}},"line":42},"7":{"name":"(anonymous_7)","decl":{"start":{"line":53,"column":27},"end":{"line":53,"column":28}},"loc":{"start":{"line":53,"column":33},"end":{"line":55,"column":5}},"line":53},"8":{"name":"(anonymous_8)","decl":{"start":{"line":57,"column":27},"end":{"line":57,"column":28}},"loc":{"start":{"line":57,"column":42},"end":{"line":59,"column":5}},"line":57},"9":{"name":"(anonymous_9)","decl":{"start":{"line":60,"column":31},"end":{"line":60,"column":32}},"loc":{"start":{"line":61,"column":8},"end":{"line":80,"column":11}},"line":61},"10":{"name":"(anonymous_10)","decl":{"start":{"line":62,"column":39},"end":{"line":62,"column":40}},"loc":{"start":{"line":62,"column":45},"end":{"line":62,"column":68}},"line":62},"11":{"name":"(anonymous_11)","decl":{"start":{"line":74,"column":29},"end":{"line":74,"column":30}},"loc":{"start":{"line":74,"column":35},"end":{"line":77,"column":21}},"line":74},"12":{"name":"(anonymous_12)","decl":{"start":{"line":83,"column":22},"end":{"line":83,"column":23}},"loc":{"start":{"line":83,"column":28},"end":{"line":90,"column":5}},"line":83},"13":{"name":"(anonymous_13)","decl":{"start":{"line":91,"column":14},"end":{"line":91,"column":15}},"loc":{"start":{"line":91,"column":20},"end":{"line":95,"column":5}},"line":91},"14":{"name":"(anonymous_14)","decl":{"start":{"line":107,"column":75},"end":{"line":107,"column":76}},"loc":{"start":{"line":107,"column":81},"end":{"line":107,"column":97}},"line":107},"15":{"name":"(anonymous_15)","decl":{"start":{"line":152,"column":37},"end":{"line":152,"column":38}},"loc":{"start":{"line":152,"column":43},"end":{"line":152,"column":83}},"line":152},"16":{"name":"(anonymous_16)","decl":{"start":{"line":153,"column":33},"end":{"line":153,"column":34}},"loc":{"start":{"line":154,"column":20},"end":{"line":156,"column":27}},"line":154}},"branchMap":{"0":{"loc":{"start":{"line":40,"column":8},"end":{"line":40,"column":51}},"type":"if","locations":[{"start":{"line":40,"column":8},"end":{"line":40,"column":51}},{"start":{"line":40,"column":8},"end":{"line":40,"column":51}}],"line":40},"1":{"loc":{"start":{"line":43,"column":12},"end":{"line":47,"column":13}},"type":"if","locations":[{"start":{"line":43,"column":12},"end":{"line":47,"column":13}},{"start":{"line":43,"column":12},"end":{"line":47,"column":13}}],"line":43},"2":{"loc":{"start":{"line":66,"column":24},"end":{"line":68,"column":86}},"type":"cond-expr","locations":[{"start":{"line":67,"column":30},"end":{"line":67,"column":53}},{"start":{"line":68,"column":30},"end":{"line":68,"column":86}}],"line":66},"3":{"loc":{"start":{"line":85,"column":8},"end":{"line":89,"column":9}},"type":"if","locations":[{"start":{"line":85,"column":8},"end":{"line":89,"column":9}},{"start":{"line":85,"column":8},"end":{"line":89,"column":9}}],"line":85},"4":{"loc":{"start":{"line":92,"column":8},"end":{"line":94,"column":9}},"type":"if","locations":[{"start":{"line":92,"column":8},"end":{"line":94,"column":9}},{"start":{"line":92,"column":8},"end":{"line":94,"column":9}}],"line":92},"5":{"loc":{"start":{"line":111,"column":61},"end":{"line":111,"column":97}},"type":"cond-expr","locations":[{"start":{"line":111,"column":75},"end":{"line":111,"column":84}},{"start":{"line":111,"column":87},"end":{"line":111,"column":97}}],"line":111},"6":{"loc":{"start":{"line":119,"column":25},"end":{"line":144,"column":25}},"type":"cond-expr","locations":[{"start":{"line":120,"column":28},"end":{"line":129,"column":30}},{"start":{"line":131,"column":28},"end":{"line":143,"column":35}}],"line":119}},"s":{"0":1,"1":2,"2":0,"3":2,"4":1,"5":1,"6":1,"7":1,"8":0,"9":1,"10":1,"11":1,"12":1,"13":1,"14":0,"15":1,"16":1,"17":1,"18":0,"19":0,"20":0,"21":0,"22":0,"23":0,"24":0,"25":0,"26":0,"27":0,"28":1,"29":0,"30":1,"31":0,"32":1,"33":0,"34":0,"35":0,"36":1,"37":0,"38":0,"39":0,"40":1,"41":0,"42":0,"43":0,"44":0,"45":0,"46":0},"f":{"0":2,"1":0,"2":0,"3":0,"4":0,"5":0,"6":0,"7":0,"8":0,"9":0,"10":0,"11":0,"12":0,"13":0,"14":0,"15":0,"16":0},"b":{"0":[0,0],"1":[0,0],"2":[0,0],"3":[0,0],"4":[0,0],"5":[0,0],"6":[0,0]},"_coverageSchema":"1a1c01bbd47fc00a2c39e90264f33305004495a9","hash":"1e0acc0e59dacc6d7ff88d078375a2b0d13c2a30"}
,"/Users/gsoft05/Desktop/Gsoft/Projects/music-app-training-rn/app/screens/PlaylistAndAlbums/PlaylistAndAlbumsModal.tsx": {"path":"/Users/gsoft05/Desktop/Gsoft/Projects/music-app-training-rn/app/screens/PlaylistAndAlbums/PlaylistAndAlbumsModal.tsx","statementMap":{"0":{"start":{"line":13,"column":53},"end":{"line":71,"column":1}},"1":{"start":{"line":14,"column":19},"end":{"line":14,"column":30}},"2":{"start":{"line":15,"column":18},"end":{"line":15,"column":28}},"3":{"start":{"line":16,"column":18},"end":{"line":16,"column":34}},"4":{"start":{"line":17,"column":21},"end":{"line":17,"column":34}},"5":{"start":{"line":18,"column":21},"end":{"line":18,"column":89}},"6":{"start":{"line":18,"column":58},"end":{"line":18,"column":88}},"7":{"start":{"line":19,"column":27},"end":{"line":22,"column":5}},"8":{"start":{"line":20,"column":26},"end":{"line":20,"column":99}},"9":{"start":{"line":20,"column":71},"end":{"line":20,"column":98}},"10":{"start":{"line":21,"column":8},"end":{"line":21,"column":45}},"11":{"start":{"line":24,"column":4},"end":{"line":70,"column":6}},"12":{"start":{"line":54,"column":24},"end":{"line":54,"column":41}},"13":{"start":{"line":55,"column":24},"end":{"line":55,"column":60}}},"fnMap":{"0":{"name":"(anonymous_0)","decl":{"start":{"line":13,"column":53},"end":{"line":13,"column":54}},"loc":{"start":{"line":13,"column":93},"end":{"line":71,"column":1}},"line":13},"1":{"name":"(anonymous_1)","decl":{"start":{"line":18,"column":33},"end":{"line":18,"column":34}},"loc":{"start":{"line":18,"column":58},"end":{"line":18,"column":88}},"line":18},"2":{"name":"(anonymous_2)","decl":{"start":{"line":19,"column":27},"end":{"line":19,"column":28}},"loc":{"start":{"line":19,"column":33},"end":{"line":22,"column":5}},"line":19},"3":{"name":"(anonymous_3)","decl":{"start":{"line":20,"column":43},"end":{"line":20,"column":44}},"loc":{"start":{"line":20,"column":71},"end":{"line":20,"column":98}},"line":20},"4":{"name":"(anonymous_4)","decl":{"start":{"line":53,"column":29},"end":{"line":53,"column":30}},"loc":{"start":{"line":53,"column":35},"end":{"line":56,"column":21}},"line":53}},"branchMap":{"0":{"loc":{"start":{"line":31,"column":33},"end":{"line":33,"column":90}},"type":"cond-expr","locations":[{"start":{"line":32,"column":34},"end":{"line":32,"column":57}},{"start":{"line":33,"column":34},"end":{"line":33,"column":90}}],"line":31},"1":{"loc":{"start":{"line":60,"column":61},"end":{"line":60,"column":97}},"type":"cond-expr","locations":[{"start":{"line":60,"column":75},"end":{"line":60,"column":84}},{"start":{"line":60,"column":87},"end":{"line":60,"column":97}}],"line":60}},"s":{"0":2,"1":1,"2":1,"3":1,"4":1,"5":1,"6":0,"7":1,"8":0,"9":0,"10":0,"11":1,"12":0,"13":0},"f":{"0":1,"1":0,"2":0,"3":0,"4":0},"b":{"0":[0,1],"1":[0,1]},"_coverageSchema":"1a1c01bbd47fc00a2c39e90264f33305004495a9","hash":"b269fffb21d134a96a1455e304e3f9447e4d026e"}
,"/Users/gsoft05/Desktop/Gsoft/Projects/music-app-training-rn/app/screens/PlaylistAndAlbums/PlaylistAndAlbumsShimmer.tsx": {"path":"/Users/gsoft05/Desktop/Gsoft/Projects/music-app-training-rn/app/screens/PlaylistAndAlbums/PlaylistAndAlbumsShimmer.tsx","statementMap":{"0":{"start":{"line":13,"column":55},"end":{"line":97,"column":1}},"1":{"start":{"line":14,"column":19},"end":{"line":14,"column":30}},"2":{"start":{"line":15,"column":18},"end":{"line":15,"column":28}},"3":{"start":{"line":16,"column":29},"end":{"line":16,"column":47}},"4":{"start":{"line":17,"column":21},"end":{"line":17,"column":87}},"5":{"start":{"line":17,"column":58},"end":{"line":17,"column":86}},"6":{"start":{"line":18,"column":50},"end":{"line":18,"column":84}},"7":{"start":{"line":19,"column":60},"end":{"line":19,"column":75}},"8":{"start":{"line":21,"column":27},"end":{"line":23,"column":5}},"9":{"start":{"line":22,"column":8},"end":{"line":22,"column":55}},"10":{"start":{"line":25,"column":31},"end":{"line":41,"column":5}},"11":{"start":{"line":26,"column":8},"end":{"line":40,"column":11}},"12":{"start":{"line":43,"column":4},"end":{"line":47,"column":7}},"13":{"start":{"line":44,"column":8},"end":{"line":46,"column":9}},"14":{"start":{"line":45,"column":12},"end":{"line":45,"column":41}},"15":{"start":{"line":49,"column":4},"end":{"line":96,"column":6}},"16":{"start":{"line":58,"column":81},"end":{"line":58,"column":97}}},"fnMap":{"0":{"name":"(anonymous_0)","decl":{"start":{"line":13,"column":55},"end":{"line":13,"column":56}},"loc":{"start":{"line":13,"column":74},"end":{"line":97,"column":1}},"line":13},"1":{"name":"(anonymous_1)","decl":{"start":{"line":17,"column":33},"end":{"line":17,"column":34}},"loc":{"start":{"line":17,"column":58},"end":{"line":17,"column":86}},"line":17},"2":{"name":"(anonymous_2)","decl":{"start":{"line":21,"column":27},"end":{"line":21,"column":28}},"loc":{"start":{"line":21,"column":33},"end":{"line":23,"column":5}},"line":21},"3":{"name":"(anonymous_3)","decl":{"start":{"line":25,"column":31},"end":{"line":25,"column":32}},"loc":{"start":{"line":26,"column":8},"end":{"line":40,"column":11}},"line":26},"4":{"name":"(anonymous_4)","decl":{"start":{"line":43,"column":14},"end":{"line":43,"column":15}},"loc":{"start":{"line":43,"column":20},"end":{"line":47,"column":5}},"line":43},"5":{"name":"(anonymous_5)","decl":{"start":{"line":58,"column":75},"end":{"line":58,"column":76}},"loc":{"start":{"line":58,"column":81},"end":{"line":58,"column":97}},"line":58}},"branchMap":{"0":{"loc":{"start":{"line":31,"column":24},"end":{"line":33,"column":86}},"type":"cond-expr","locations":[{"start":{"line":32,"column":30},"end":{"line":32,"column":53}},{"start":{"line":33,"column":30},"end":{"line":33,"column":86}}],"line":31},"1":{"loc":{"start":{"line":44,"column":8},"end":{"line":46,"column":9}},"type":"if","locations":[{"start":{"line":44,"column":8},"end":{"line":46,"column":9}},{"start":{"line":44,"column":8},"end":{"line":46,"column":9}}],"line":44},"2":{"loc":{"start":{"line":69,"column":25},"end":{"line":91,"column":25}},"type":"cond-expr","locations":[{"start":{"line":70,"column":28},"end":{"line":76,"column":30}},{"start":{"line":78,"column":28},"end":{"line":90,"column":35}}],"line":69}},"s":{"0":2,"1":2,"2":1,"3":1,"4":1,"5":0,"6":1,"7":1,"8":1,"9":0,"10":1,"11":0,"12":1,"13":0,"14":0,"15":1,"16":0},"f":{"0":2,"1":0,"2":0,"3":0,"4":0,"5":0},"b":{"0":[0,0],"1":[0,0],"2":[0,0]},"_coverageSchema":"1a1c01bbd47fc00a2c39e90264f33305004495a9","hash":"e681d9f9117d785c47faa3b2ef213248e87a2e0d"}
,"/Users/gsoft05/Desktop/Gsoft/Projects/music-app-training-rn/app/screens/PlaylistAndAlbums/styles.ts": {"path":"/Users/gsoft05/Desktop/Gsoft/Projects/music-app-training-rn/app/screens/PlaylistAndAlbums/styles.ts","statementMap":{"0":{"start":{"line":9,"column":25},"end":{"line":190,"column":1}},"1":{"start":{"line":10,"column":18},"end":{"line":10,"column":28}},"2":{"start":{"line":11,"column":19},"end":{"line":188,"column":6}},"3":{"start":{"line":189,"column":4},"end":{"line":189,"column":18}}},"fnMap":{"0":{"name":"(anonymous_0)","decl":{"start":{"line":9,"column":25},"end":{"line":9,"column":26}},"loc":{"start":{"line":9,"column":31},"end":{"line":190,"column":1}},"line":9}},"branchMap":{},"s":{"0":3,"1":5,"2":3,"3":3},"f":{"0":5},"b":{},"_coverageSchema":"1a1c01bbd47fc00a2c39e90264f33305004495a9","hash":"30925f7a10d1903adf3f6ac11042930e72003eb2"}
,"/Users/gsoft05/Desktop/Gsoft/Projects/music-app-training-rn/app/store/actions/appActions.ts": {"path":"/Users/gsoft05/Desktop/Gsoft/Projects/music-app-training-rn/app/store/actions/appActions.ts","statementMap":{"0":{"start":{"line":9,"column":4},"end":{"line":11,"column":6}},"1":{"start":{"line":14,"column":4},"end":{"line":17,"column":6}},"2":{"start":{"line":20,"column":4},"end":{"line":23,"column":6}}},"fnMap":{"0":{"name":"musicListRequest","decl":{"start":{"line":8,"column":16},"end":{"line":8,"column":32}},"loc":{"start":{"line":8,"column":35},"end":{"line":12,"column":1}},"line":8},"1":{"name":"musicListResponse","decl":{"start":{"line":13,"column":16},"end":{"line":13,"column":33}},"loc":{"start":{"line":13,"column":58},"end":{"line":18,"column":1}},"line":13},"2":{"name":"favoriteListRequest","decl":{"start":{"line":19,"column":16},"end":{"line":19,"column":35}},"loc":{"start":{"line":19,"column":71},"end":{"line":24,"column":1}},"line":19}},"branchMap":{},"s":{"0":2,"1":0,"2":0},"f":{"0":2,"1":0,"2":0},"b":{},"_coverageSchema":"1a1c01bbd47fc00a2c39e90264f33305004495a9","hash":"27e0b0c5575623dab869b24c9f1bceb95847cb0e"}
,"/Users/gsoft05/Desktop/Gsoft/Projects/music-app-training-rn/app/store/actions/loadingActions.ts": {"path":"/Users/gsoft05/Desktop/Gsoft/Projects/music-app-training-rn/app/store/actions/loadingActions.ts","statementMap":{"0":{"start":{"line":7,"column":4},"end":{"line":9,"column":6}},"1":{"start":{"line":13,"column":4},"end":{"line":15,"column":6}}},"fnMap":{"0":{"name":"enableLoader","decl":{"start":{"line":6,"column":16},"end":{"line":6,"column":28}},"loc":{"start":{"line":6,"column":31},"end":{"line":10,"column":1}},"line":6},"1":{"name":"disableLoader","decl":{"start":{"line":12,"column":16},"end":{"line":12,"column":29}},"loc":{"start":{"line":12,"column":32},"end":{"line":16,"column":1}},"line":12}},"branchMap":{},"s":{"0":1,"1":1},"f":{"0":1,"1":1},"b":{},"_coverageSchema":"1a1c01bbd47fc00a2c39e90264f33305004495a9","hash":"f3dc590d74970f6bf21388f79b3f3c2fc1c5bf8a"}
,"/Users/gsoft05/Desktop/Gsoft/Projects/music-app-training-rn/app/store/actions/playerActions.ts": {"path":"/Users/gsoft05/Desktop/Gsoft/Projects/music-app-training-rn/app/store/actions/playerActions.ts","statementMap":{"0":{"start":{"line":8,"column":4},"end":{"line":11,"column":6}},"1":{"start":{"line":14,"column":4},"end":{"line":17,"column":6}},"2":{"start":{"line":20,"column":4},"end":{"line":23,"column":6}},"3":{"start":{"line":27,"column":4},"end":{"line":30,"column":6}},"4":{"start":{"line":33,"column":4},"end":{"line":36,"column":6}},"5":{"start":{"line":39,"column":4},"end":{"line":42,"column":6}}},"fnMap":{"0":{"name":"playerListRequest","decl":{"start":{"line":7,"column":16},"end":{"line":7,"column":33}},"loc":{"start":{"line":7,"column":52},"end":{"line":12,"column":1}},"line":7},"1":{"name":"isPlayerPlay","decl":{"start":{"line":13,"column":16},"end":{"line":13,"column":28}},"loc":{"start":{"line":13,"column":45},"end":{"line":18,"column":1}},"line":13},"2":{"name":"isPlayerShow","decl":{"start":{"line":19,"column":16},"end":{"line":19,"column":28}},"loc":{"start":{"line":19,"column":45},"end":{"line":24,"column":1}},"line":19},"3":{"name":"updatePlayList","decl":{"start":{"line":26,"column":16},"end":{"line":26,"column":30}},"loc":{"start":{"line":26,"column":56},"end":{"line":31,"column":1}},"line":26},"4":{"name":"deletePlayListFolder","decl":{"start":{"line":32,"column":16},"end":{"line":32,"column":36}},"loc":{"start":{"line":32,"column":62},"end":{"line":37,"column":1}},"line":32},"5":{"name":"deletePlayListSong","decl":{"start":{"line":38,"column":16},"end":{"line":38,"column":34}},"loc":{"start":{"line":38,"column":64},"end":{"line":43,"column":1}},"line":38}},"branchMap":{},"s":{"0":1,"1":1,"2":1,"3":1,"4":1,"5":1},"f":{"0":1,"1":1,"2":1,"3":1,"4":1,"5":1},"b":{},"_coverageSchema":"1a1c01bbd47fc00a2c39e90264f33305004495a9","hash":"6e6499a119395612f634299895123208f451b4de"}
,"/Users/gsoft05/Desktop/Gsoft/Projects/music-app-training-rn/app/store/actions/themeActions.ts": {"path":"/Users/gsoft05/Desktop/Gsoft/Projects/music-app-training-rn/app/store/actions/themeActions.ts","statementMap":{"0":{"start":{"line":7,"column":4},"end":{"line":10,"column":6}}},"fnMap":{"0":{"name":"setIsDarkTheme","decl":{"start":{"line":6,"column":16},"end":{"line":6,"column":30}},"loc":{"start":{"line":6,"column":47},"end":{"line":11,"column":1}},"line":6}},"branchMap":{},"s":{"0":1},"f":{"0":1},"b":{},"_coverageSchema":"1a1c01bbd47fc00a2c39e90264f33305004495a9","hash":"d81b28710748ba51f809006f72275212039b5ae4"}
,"/Users/gsoft05/Desktop/Gsoft/Projects/music-app-training-rn/app/store/actions/types.ts": {"path":"/Users/gsoft05/Desktop/Gsoft/Projects/music-app-training-rn/app/store/actions/types.ts","statementMap":{"0":{"start":{"line":2,"column":35},"end":{"line":2,"column":56}},"1":{"start":{"line":3,"column":36},"end":{"line":3,"column":58}},"2":{"start":{"line":4,"column":35},"end":{"line":4,"column":56}},"3":{"start":{"line":5,"column":36},"end":{"line":5,"column":58}},"4":{"start":{"line":8,"column":28},"end":{"line":8,"column":42}},"5":{"start":{"line":11,"column":29},"end":{"line":11,"column":44}},"6":{"start":{"line":12,"column":30},"end":{"line":12,"column":46}},"7":{"start":{"line":13,"column":35},"end":{"line":13,"column":56}},"8":{"start":{"line":14,"column":28},"end":{"line":14,"column":42}},"9":{"start":{"line":15,"column":23},"end":{"line":15,"column":32}},"10":{"start":{"line":18,"column":34},"end":{"line":18,"column":54}},"11":{"start":{"line":19,"column":35},"end":{"line":19,"column":56}},"12":{"start":{"line":22,"column":37},"end":{"line":22,"column":60}},"13":{"start":{"line":23,"column":38},"end":{"line":23,"column":62}},"14":{"start":{"line":27,"column":32},"end":{"line":27,"column":50}},"15":{"start":{"line":28,"column":32},"end":{"line":28,"column":50}},"16":{"start":{"line":29,"column":39},"end":{"line":29,"column":64}},"17":{"start":{"line":32,"column":34},"end":{"line":32,"column":54}},"18":{"start":{"line":33,"column":33},"end":{"line":33,"column":52}},"19":{"start":{"line":34,"column":35},"end":{"line":34,"column":56}},"20":{"start":{"line":35,"column":36},"end":{"line":35,"column":58}},"21":{"start":{"line":38,"column":30},"end":{"line":38,"column":46}}},"fnMap":{},"branchMap":{},"s":{"0":16,"1":16,"2":16,"3":16,"4":16,"5":16,"6":16,"7":16,"8":16,"9":16,"10":16,"11":16,"12":16,"13":16,"14":16,"15":16,"16":16,"17":16,"18":16,"19":16,"20":16,"21":16},"f":{},"b":{},"_coverageSchema":"1a1c01bbd47fc00a2c39e90264f33305004495a9","hash":"2e4ee44966c40f0bdf05ddaec78fefa4c182b6b7"}
,"/Users/gsoft05/Desktop/Gsoft/Projects/music-app-training-rn/app/store/reducers/appReducer.ts": {"path":"/Users/gsoft05/Desktop/Gsoft/Projects/music-app-training-rn/app/store/reducers/appReducer.ts","statementMap":{"0":{"start":{"line":8,"column":31},"end":{"line":11,"column":1}},"1":{"start":{"line":13,"column":26},"end":{"line":26,"column":2}},"2":{"start":{"line":15,"column":8},"end":{"line":18,"column":10}},"3":{"start":{"line":21,"column":8},"end":{"line":24,"column":10}}},"fnMap":{"0":{"name":"(anonymous_0)","decl":{"start":{"line":14,"column":4},"end":{"line":14,"column":5}},"loc":{"start":{"line":14,"column":77},"end":{"line":19,"column":5}},"line":14},"1":{"name":"(anonymous_1)","decl":{"start":{"line":20,"column":4},"end":{"line":20,"column":5}},"loc":{"start":{"line":20,"column":81},"end":{"line":25,"column":5}},"line":20}},"branchMap":{},"s":{"0":1,"1":1,"2":1,"3":1},"f":{"0":1,"1":1},"b":{},"_coverageSchema":"1a1c01bbd47fc00a2c39e90264f33305004495a9","hash":"1ab3d053a78edd489e78b4f8e6d74e42aa25a33f"}
,"/Users/gsoft05/Desktop/Gsoft/Projects/music-app-training-rn/app/store/reducers/loadingReducer.ts": {"path":"/Users/gsoft05/Desktop/Gsoft/Projects/music-app-training-rn/app/store/reducers/loadingReducer.ts","statementMap":{"0":{"start":{"line":9,"column":30},"end":{"line":11,"column":1}},"1":{"start":{"line":13,"column":30},"end":{"line":20,"column":2}},"2":{"start":{"line":15,"column":8},"end":{"line":15,"column":50}},"3":{"start":{"line":18,"column":8},"end":{"line":18,"column":51}}},"fnMap":{"0":{"name":"(anonymous_0)","decl":{"start":{"line":14,"column":4},"end":{"line":14,"column":5}},"loc":{"start":{"line":14,"column":48},"end":{"line":16,"column":5}},"line":14},"1":{"name":"(anonymous_1)","decl":{"start":{"line":17,"column":4},"end":{"line":17,"column":5}},"loc":{"start":{"line":17,"column":49},"end":{"line":19,"column":5}},"line":17}},"branchMap":{},"s":{"0":1,"1":1,"2":1,"3":1},"f":{"0":1,"1":1},"b":{},"_coverageSchema":"1a1c01bbd47fc00a2c39e90264f33305004495a9","hash":"d116ee5e4b0bc49b2276c5645122d84448479b6b"}
,"/Users/gsoft05/Desktop/Gsoft/Projects/music-app-training-rn/app/store/reducers/playerReducer.ts": {"path":"/Users/gsoft05/Desktop/Gsoft/Projects/music-app-training-rn/app/store/reducers/playerReducer.ts","statementMap":{"0":{"start":{"line":14,"column":34},"end":{"line":19,"column":1}},"1":{"start":{"line":21,"column":29},"end":{"line":66,"column":2}},"2":{"start":{"line":24,"column":8},"end":{"line":27,"column":10}},"3":{"start":{"line":32,"column":8},"end":{"line":35,"column":10}},"4":{"start":{"line":40,"column":8},"end":{"line":43,"column":10}},"5":{"start":{"line":49,"column":8},"end":{"line":52,"column":10}},"6":{"start":{"line":55,"column":8},"end":{"line":58,"column":10}},"7":{"start":{"line":61,"column":8},"end":{"line":64,"column":10}}},"fnMap":{"0":{"name":"(anonymous_0)","decl":{"start":{"line":23,"column":4},"end":{"line":23,"column":5}},"loc":{"start":{"line":23,"column":78},"end":{"line":28,"column":5}},"line":23},"1":{"name":"(anonymous_1)","decl":{"start":{"line":31,"column":4},"end":{"line":31,"column":5}},"loc":{"start":{"line":31,"column":67},"end":{"line":36,"column":5}},"line":31},"2":{"name":"(anonymous_2)","decl":{"start":{"line":39,"column":4},"end":{"line":39,"column":5}},"loc":{"start":{"line":39,"column":70},"end":{"line":44,"column":5}},"line":39},"3":{"name":"(anonymous_3)","decl":{"start":{"line":48,"column":4},"end":{"line":48,"column":5}},"loc":{"start":{"line":48,"column":73},"end":{"line":53,"column":5}},"line":48},"4":{"name":"(anonymous_4)","decl":{"start":{"line":54,"column":4},"end":{"line":54,"column":5}},"loc":{"start":{"line":54,"column":73},"end":{"line":59,"column":5}},"line":54},"5":{"name":"(anonymous_5)","decl":{"start":{"line":60,"column":4},"end":{"line":60,"column":5}},"loc":{"start":{"line":60,"column":80},"end":{"line":65,"column":5}},"line":60}},"branchMap":{},"s":{"0":1,"1":1,"2":1,"3":1,"4":1,"5":0,"6":0,"7":0},"f":{"0":1,"1":1,"2":1,"3":0,"4":0,"5":0},"b":{},"_coverageSchema":"1a1c01bbd47fc00a2c39e90264f33305004495a9","hash":"b43f2489dd89077260cfe612cb5e27d05bc2ac5f"}
,"/Users/gsoft05/Desktop/Gsoft/Projects/music-app-training-rn/app/store/reducers/themeReducer.ts": {"path":"/Users/gsoft05/Desktop/Gsoft/Projects/music-app-training-rn/app/store/reducers/themeReducer.ts","statementMap":{"0":{"start":{"line":11,"column":33},"end":{"line":13,"column":1}},"1":{"start":{"line":15,"column":28},"end":{"line":19,"column":2}},"2":{"start":{"line":17,"column":8},"end":{"line":17,"column":51}}},"fnMap":{"0":{"name":"(anonymous_0)","decl":{"start":{"line":16,"column":4},"end":{"line":16,"column":5}},"loc":{"start":{"line":16,"column":72},"end":{"line":18,"column":5}},"line":16}},"branchMap":{},"s":{"0":1,"1":1,"2":1},"f":{"0":1},"b":{},"_coverageSchema":"1a1c01bbd47fc00a2c39e90264f33305004495a9","hash":"17a7a0faa3858f3d1fc14d0da2c438cd775151eb"}
}
