TN:
SF:app/components/AppHeader.tsx
FN:7,(anonymous_0)
FN:27,(anonymous_1)
FNF:2
FNH:2
FNDA:9,(anonymous_0)
FNDA:9,(anonymous_1)
DA:7,5
DA:8,9
DA:9,9
DA:27,5
DA:28,9
DA:29,9
DA:60,9
LF:7
LH:7
BRDA:12,0,0,9
BRDA:12,0,1,9
BRF:2
BRH:2
end_of_record
TN:
SF:app/components/Header.tsx
FN:7,(anonymous_0)
FN:18,(anonymous_1)
FNF:2
FNH:2
FNDA:6,(anonymous_0)
FNDA:6,(anonymous_1)
DA:7,4
DA:8,6
DA:9,6
DA:18,4
DA:19,6
DA:20,6
DA:33,6
LF:7
LH:7
BRF:0
BRH:0
end_of_record
TN:
SF:app/components/SearchBar.tsx
FN:13,(anonymous_0)
FN:17,(anonymous_1)
FN:19,(anonymous_2)
FN:21,(anonymous_3)
FN:45,(anonymous_4)
FN:56,(anonymous_5)
FNF:6
FNH:4
FNDA:4,(anonymous_0)
FNDA:0,(anonymous_1)
FNDA:1,(anonymous_2)
FNDA:0,(anonymous_3)
FNDA:1,(anonymous_4)
FNDA:4,(anonymous_5)
DA:13,3
DA:14,4
DA:15,4
DA:16,4
DA:17,4
DA:19,4
DA:20,1
DA:21,1
DA:22,0
DA:24,1
DA:26,4
DA:46,1
DA:56,3
DA:57,4
DA:58,4
DA:102,4
LF:16
LH:15
BRDA:32,0,0,1
BRDA:32,0,1,3
BRF:2
BRH:2
end_of_record
TN:
SF:app/components/Music/MusicCard.tsx
FN:13,(anonymous_0)
FNF:1
FNH:1
FNDA:1,(anonymous_0)
DA:13,3
DA:14,1
DA:16,1
LF:3
LH:3
BRF:0
BRH:0
end_of_record
TN:
SF:app/components/Music/MusicCardShimmer.tsx
FN:12,(anonymous_0)
FNF:1
FNH:1
FNDA:2,(anonymous_0)
DA:12,6
DA:13,2
DA:14,2
LF:3
LH:3
BRF:0
BRH:0
end_of_record
TN:
SF:app/components/Music/styles.ts
FN:8,(anonymous_0)
FNF:1
FNH:1
FNDA:3,(anonymous_0)
DA:8,7
DA:9,3
DA:10,3
DA:143,3
LF:4
LH:4
BRF:0
BRH:0
end_of_record
TN:
SF:app/components/Playlist/PlaylistCard.tsx
FN:13,(anonymous_0)
FNF:1
FNH:1
FNDA:1,(anonymous_0)
DA:13,2
DA:14,1
DA:15,1
LF:3
LH:3
BRF:0
BRH:0
end_of_record
TN:
SF:app/components/Playlist/PlaylistCardShimmer.tsx
FN:12,(anonymous_0)
FNF:1
FNH:1
FNDA:1,(anonymous_0)
DA:12,3
DA:13,1
DA:14,1
LF:3
LH:3
BRF:0
BRH:0
end_of_record
TN:
SF:app/components/Playlist/styles.ts
FN:8,(anonymous_0)
FNF:1
FNH:1
FNDA:2,(anonymous_0)
DA:8,4
DA:9,2
DA:10,2
DA:143,2
LF:4
LH:4
BRF:0
BRH:0
end_of_record
TN:
SF:app/components/Playlist/PlaylistSongs/PlaylistSongsCard.tsx
FN:8,(anonymous_0)
FN:18,(anonymous_1)
FN:29,(anonymous_2)
FNF:3
FNH:3
FNDA:2,(anonymous_0)
FNDA:1,(anonymous_1)
FNDA:1,(anonymous_2)
DA:8,3
DA:15,2
DA:16,2
DA:18,1
DA:29,1
LF:5
LH:5
BRF:0
BRH:0
end_of_record
TN:
SF:app/components/Playlist/PlaylistSongs/PlaylistsAlbumsCard.tsx
FN:10,(anonymous_0)
FN:41,(anonymous_1)
FNF:2
FNH:1
FNDA:1,(anonymous_0)
FNDA:0,(anonymous_1)
DA:10,3
DA:19,1
DA:21,1
DA:22,1
DA:42,0
DA:43,0
LF:6
LH:4
BRF:0
BRH:0
end_of_record
TN:
SF:app/components/Playlist/PlaylistSongs/styles.ts
FN:8,(anonymous_0)
FNF:1
FNH:1
FNDA:5,(anonymous_0)
DA:8,7
DA:9,5
DA:10,5
DA:154,5
LF:4
LH:4
BRF:0
BRH:0
end_of_record
TN:
SF:app/components/Playlist/Tracks/PlaylistsTracksCard.tsx
FN:9,(anonymous_0)
FN:22,(anonymous_1)
FN:41,(anonymous_2)
FNF:3
FNH:1
FNDA:2,(anonymous_0)
FNDA:0,(anonymous_1)
FNDA:0,(anonymous_2)
DA:9,1
DA:18,2
DA:19,2
DA:23,0
DA:24,0
DA:42,0
DA:43,0
LF:7
LH:3
BRF:0
BRH:0
end_of_record
TN:
SF:app/components/player/AppCreatePlaylistModal.tsx
FN:14,(anonymous_0)
FN:18,(anonymous_1)
FN:19,(anonymous_2)
FN:22,(anonymous_3)
FN:24,(anonymous_4)
FN:56,(anonymous_5)
FN:84,(anonymous_6)
FNF:7
FNH:4
FNDA:4,(anonymous_0)
FNDA:0,(anonymous_1)
FNDA:0,(anonymous_2)
FNDA:1,(anonymous_3)
FNDA:0,(anonymous_4)
FNDA:1,(anonymous_5)
FNDA:1,(anonymous_6)
DA:14,3
DA:15,4
DA:16,4
DA:17,4
DA:18,4
DA:19,4
DA:20,4
DA:22,4
DA:23,1
DA:24,1
DA:25,1
DA:27,1
DA:28,0
DA:30,1
DA:32,1
DA:33,0
DA:34,0
DA:36,0
DA:39,4
DA:56,1
DA:84,1
LF:21
LH:17
BRDA:25,0,0,1
BRDA:25,0,1,0
BRDA:27,1,0,0
BRDA:27,1,1,1
BRDA:48,2,0,4
BRDA:48,2,1,0
BRF:6
BRH:3
end_of_record
TN:
SF:app/components/player/AppPlaylistModal.tsx
FN:15,(anonymous_0)
FN:23,(anonymous_1)
FN:24,(anonymous_2)
FN:26,(anonymous_3)
FN:29,(anonymous_4)
FN:33,(anonymous_5)
FN:44,(anonymous_6)
FN:46,(anonymous_7)
FN:51,(anonymous_8)
FN:53,(anonymous_9)
FN:77,(anonymous_10)
FN:83,(anonymous_11)
FN:86,(anonymous_12)
FNF:13
FNH:4
FNDA:4,(anonymous_0)
FNDA:0,(anonymous_1)
FNDA:0,(anonymous_2)
FNDA:0,(anonymous_3)
FNDA:0,(anonymous_4)
FNDA:0,(anonymous_5)
FNDA:0,(anonymous_6)
FNDA:0,(anonymous_7)
FNDA:0,(anonymous_8)
FNDA:0,(anonymous_9)
FNDA:1,(anonymous_10)
FNDA:1,(anonymous_11)
FNDA:1,(anonymous_12)
DA:15,2
DA:20,4
DA:21,4
DA:22,4
DA:23,4
DA:24,4
DA:26,4
DA:27,0
DA:28,0
DA:29,0
DA:31,0
DA:32,0
DA:33,0
DA:34,0
DA:35,0
DA:37,0
DA:41,0
DA:44,4
DA:45,0
DA:46,0
DA:48,0
DA:51,4
DA:52,0
DA:53,0
DA:69,4
DA:77,1
DA:83,1
DA:86,1
LF:28
LH:13
BRDA:32,0,0,0
BRDA:32,0,1,0
BRDA:34,1,0,0
BRDA:34,1,1,0
BRDA:58,2,0,0
BRDA:58,2,1,0
BRDA:95,3,0,0
BRDA:95,3,1,4
BRF:8
BRH:1
end_of_record
TN:
SF:app/components/player/styles.ts
FN:8,(anonymous_0)
FNF:1
FNH:1
FNDA:8,(anonymous_0)
DA:8,4
DA:9,8
DA:10,8
DA:388,8
LF:4
LH:4
BRF:0
BRH:0
end_of_record
TN:
SF:app/screens/Favorites/Conatiner.tsx
FN:17,(anonymous_0)
FN:21,(anonymous_1)
FN:23,(anonymous_2)
FN:25,(anonymous_3)
FN:26,(anonymous_4)
FN:29,(anonymous_5)
FN:32,(anonymous_6)
FN:40,(anonymous_7)
FN:49,(anonymous_8)
FN:56,(anonymous_9)
FN:59,(anonymous_10)
FNF:11
FNH:3
FNDA:1,(anonymous_0)
FNDA:0,(anonymous_1)
FNDA:0,(anonymous_2)
FNDA:0,(anonymous_3)
FNDA:0,(anonymous_4)
FNDA:0,(anonymous_5)
FNDA:0,(anonymous_6)
FNDA:0,(anonymous_7)
FNDA:0,(anonymous_8)
FNDA:1,(anonymous_9)
FNDA:1,(anonymous_10)
DA:17,1
DA:18,1
DA:19,1
DA:20,1
DA:21,1
DA:22,1
DA:23,0
DA:25,1
DA:26,0
DA:27,0
DA:29,1
DA:30,0
DA:33,0
DA:41,0
DA:42,0
DA:50,0
DA:56,1
DA:57,1
DA:59,1
DA:60,1
DA:61,0
DA:63,1
DA:66,1
LF:23
LH:14
BRDA:60,0,0,0
BRDA:60,0,1,1
BRDA:69,1,0,0
BRDA:69,1,1,1
BRF:4
BRH:2
end_of_record
TN:
SF:app/screens/Favorites/Shimmer.tsx
FN:10,(anonymous_0)
FN:11,(anonymous_1)
FN:14,(anonymous_2)
FN:15,(anonymous_3)
FN:17,(anonymous_4)
FN:19,(anonymous_5)
FN:21,(anonymous_6)
FNF:7
FNH:1
FNDA:1,(anonymous_0)
FNDA:0,(anonymous_1)
FNDA:0,(anonymous_2)
FNDA:0,(anonymous_3)
FNDA:0,(anonymous_4)
FNDA:0,(anonymous_5)
FNDA:0,(anonymous_6)
DA:10,2
DA:11,1
DA:12,1
DA:13,1
DA:14,1
DA:15,0
DA:17,1
DA:18,0
DA:19,0
DA:21,1
DA:22,0
DA:26,1
LF:12
LH:8
BRF:0
BRH:0
end_of_record
TN:
SF:app/screens/Favorites/index.tsx
FN:19,(anonymous_0)
FN:20,(anonymous_1)
FN:31,(anonymous_2)
FNF:3
FNH:1
FNDA:1,(anonymous_0)
FNDA:0,(anonymous_1)
FNDA:0,(anonymous_2)
DA:19,1
DA:20,1
DA:22,1
DA:23,1
DA:25,1
DA:32,0
LF:6
LH:5
BRDA:38,0,0,0
BRDA:38,0,1,1
BRF:2
BRH:1
end_of_record
TN:
SF:app/screens/Favorites/styles.ts
FN:9,(anonymous_0)
FNF:1
FNH:1
FNDA:3,(anonymous_0)
DA:9,2
DA:10,3
DA:11,3
DA:43,3
LF:4
LH:4
BRF:0
BRH:0
end_of_record
TN:
SF:app/screens/Home/Container.tsx
FN:20,(anonymous_0)
FN:22,(anonymous_1)
FN:24,(anonymous_2)
FN:25,(anonymous_3)
FN:33,(anonymous_4)
FN:40,(anonymous_5)
FN:44,(anonymous_6)
FN:53,(anonymous_7)
FN:58,(anonymous_8)
FN:64,(anonymous_9)
FN:66,(anonymous_10)
FN:74,(anonymous_11)
FNF:12
FNH:2
FNDA:1,(anonymous_0)
FNDA:0,(anonymous_1)
FNDA:0,(anonymous_2)
FNDA:0,(anonymous_3)
FNDA:1,(anonymous_4)
FNDA:0,(anonymous_5)
FNDA:0,(anonymous_6)
FNDA:0,(anonymous_7)
FNDA:0,(anonymous_8)
FNDA:0,(anonymous_9)
FNDA:0,(anonymous_10)
FNDA:0,(anonymous_11)
DA:20,1
DA:21,1
DA:22,0
DA:24,1
DA:25,1
DA:26,1
DA:27,1
DA:28,1
DA:29,1
DA:30,1
DA:31,1
DA:33,1
DA:34,1
DA:35,0
DA:40,1
DA:41,0
DA:44,1
DA:45,0
DA:46,0
DA:47,0
DA:49,0
DA:53,1
DA:54,0
DA:59,0
DA:60,0
DA:64,1
DA:65,0
DA:66,0
DA:76,0
DA:83,1
LF:30
LH:17
BRDA:34,0,0,0
BRDA:34,0,1,1
BRDA:46,1,0,0
BRDA:46,1,1,0
BRDA:70,2,0,0
BRDA:70,2,1,0
BRDA:90,3,0,0
BRDA:90,3,1,1
BRDA:107,4,0,0
BRDA:107,4,1,1
BRF:10
BRH:3
end_of_record
TN:
SF:app/screens/Home/Shimmer.tsx
FN:12,(anonymous_0)
FN:13,(anonymous_1)
FN:14,(anonymous_2)
FN:18,(anonymous_3)
FN:21,(anonymous_4)
FNF:5
FNH:1
FNDA:1,(anonymous_0)
FNDA:0,(anonymous_1)
FNDA:0,(anonymous_2)
FNDA:0,(anonymous_3)
FNDA:0,(anonymous_4)
DA:12,2
DA:13,1
DA:14,1
DA:15,1
DA:16,1
DA:18,1
DA:19,0
DA:21,1
DA:22,0
DA:25,1
LF:10
LH:8
BRF:0
BRH:0
end_of_record
TN:
SF:app/screens/Home/index.tsx
FN:11,(anonymous_0)
FN:12,(anonymous_1)
FN:16,(anonymous_2)
FN:20,(anonymous_3)
FN:23,(anonymous_4)
FNF:5
FNH:4
FNDA:1,(anonymous_0)
FNDA:0,(anonymous_1)
FNDA:1,(anonymous_2)
FNDA:1,(anonymous_3)
FNDA:1,(anonymous_4)
DA:11,1
DA:12,1
DA:14,1
DA:15,1
DA:16,1
DA:17,1
DA:20,1
DA:21,1
DA:23,1
DA:24,1
DA:25,1
DA:26,0
DA:30,1
LF:13
LH:12
BRDA:25,0,0,0
BRDA:25,0,1,1
BRDA:32,1,0,0
BRDA:32,1,1,1
BRF:4
BRH:2
end_of_record
TN:
SF:app/screens/Home/styles.ts
FN:5,(anonymous_0)
FNF:1
FNH:1
FNDA:3,(anonymous_0)
DA:5,2
DA:6,3
DA:7,3
DA:46,3
LF:4
LH:4
BRF:0
BRH:0
end_of_record
TN:
SF:app/screens/Playlist/PlaylistModal.tsx
FN:17,(anonymous_0)
FN:26,(anonymous_1)
FN:29,(anonymous_2)
FN:31,(anonymous_3)
FN:33,(anonymous_4)
FN:37,(anonymous_5)
FN:47,(anonymous_6)
FN:50,(anonymous_7)
FN:56,(anonymous_8)
FN:60,(anonymous_9)
FN:62,(anonymous_10)
FN:67,(anonymous_11)
FN:93,(anonymous_12)
FN:116,(anonymous_13)
FN:138,(anonymous_14)
FNF:15
FNH:1
FNDA:3,(anonymous_0)
FNDA:0,(anonymous_1)
FNDA:0,(anonymous_2)
FNDA:0,(anonymous_3)
FNDA:0,(anonymous_4)
FNDA:0,(anonymous_5)
FNDA:0,(anonymous_6)
FNDA:0,(anonymous_7)
FNDA:0,(anonymous_8)
FNDA:0,(anonymous_9)
FNDA:0,(anonymous_10)
FNDA:0,(anonymous_11)
FNDA:0,(anonymous_12)
FNDA:0,(anonymous_13)
FNDA:0,(anonymous_14)
DA:17,1
DA:23,3
DA:24,3
DA:25,3
DA:26,3
DA:27,3
DA:28,3
DA:29,3
DA:31,3
DA:32,0
DA:33,0
DA:36,0
DA:37,0
DA:38,0
DA:39,0
DA:41,0
DA:44,0
DA:47,3
DA:48,0
DA:49,0
DA:50,0
DA:51,0
DA:52,0
DA:53,0
DA:56,3
DA:57,0
DA:58,0
DA:60,3
DA:61,0
DA:62,0
DA:63,0
DA:67,3
DA:68,0
DA:69,0
DA:72,3
DA:94,0
DA:95,0
DA:117,0
DA:118,0
DA:139,0
DA:140,0
LF:41
LH:14
BRDA:38,0,0,0
BRDA:38,0,1,0
BRDA:51,1,0,0
BRDA:51,1,1,0
BRDA:102,2,0,0
BRDA:102,2,1,3
BRDA:125,3,0,0
BRDA:125,3,1,3
BRDA:147,4,0,0
BRDA:147,4,1,3
BRDA:157,5,0,3
BRDA:157,5,1,0
BRDA:163,6,0,3
BRDA:163,6,1,0
BRF:14
BRH:5
end_of_record
TN:
SF:app/screens/Playlist/styles.ts
FN:9,(anonymous_0)
FNF:1
FNH:1
FNDA:3,(anonymous_0)
DA:9,1
DA:10,3
DA:11,3
DA:264,3
LF:4
LH:4
BRF:0
BRH:0
end_of_record
TN:
SF:app/screens/PlaylistAndAlbums/PlaylistAndAlbumsConatiner.tsx
FN:20,(anonymous_0)
FN:22,(anonymous_1)
FN:28,(anonymous_2)
FN:33,(anonymous_3)
FN:37,(anonymous_4)
FN:38,(anonymous_5)
FN:42,(anonymous_6)
FN:53,(anonymous_7)
FN:57,(anonymous_8)
FN:60,(anonymous_9)
FN:62,(anonymous_10)
FN:74,(anonymous_11)
FN:83,(anonymous_12)
FN:91,(anonymous_13)
FN:107,(anonymous_14)
FN:152,(anonymous_15)
FN:153,(anonymous_16)
FNF:17
FNH:1
FNDA:2,(anonymous_0)
FNDA:0,(anonymous_1)
FNDA:0,(anonymous_2)
FNDA:0,(anonymous_3)
FNDA:0,(anonymous_4)
FNDA:0,(anonymous_5)
FNDA:0,(anonymous_6)
FNDA:0,(anonymous_7)
FNDA:0,(anonymous_8)
FNDA:0,(anonymous_9)
FNDA:0,(anonymous_10)
FNDA:0,(anonymous_11)
FNDA:0,(anonymous_12)
FNDA:0,(anonymous_13)
FNDA:0,(anonymous_14)
FNDA:0,(anonymous_15)
FNDA:0,(anonymous_16)
DA:20,1
DA:21,2
DA:22,0
DA:24,2
DA:25,1
DA:26,1
DA:27,1
DA:28,1
DA:29,1
DA:30,1
DA:31,1
DA:32,1
DA:33,1
DA:34,1
DA:35,1
DA:37,1
DA:38,0
DA:39,0
DA:40,0
DA:42,0
DA:43,0
DA:44,0
DA:46,0
DA:50,0
DA:53,1
DA:54,0
DA:57,1
DA:58,0
DA:60,1
DA:61,0
DA:62,0
DA:76,0
DA:83,1
DA:85,0
DA:86,0
DA:88,0
DA:91,1
DA:92,0
DA:93,0
DA:98,0
DA:107,0
DA:152,0
DA:154,0
LF:43
LH:20
BRDA:40,0,0,0
BRDA:40,0,1,0
BRDA:43,1,0,0
BRDA:43,1,1,0
BRDA:66,2,0,0
BRDA:66,2,1,0
BRDA:85,3,0,0
BRDA:85,3,1,0
BRDA:92,4,0,0
BRDA:92,4,1,0
BRDA:111,5,0,0
BRDA:111,5,1,0
BRDA:119,6,0,0
BRDA:119,6,1,0
BRF:14
BRH:0
end_of_record
TN:
SF:app/screens/PlaylistAndAlbums/PlaylistAndAlbumsModal.tsx
FN:13,(anonymous_0)
FN:18,(anonymous_1)
FN:19,(anonymous_2)
FN:20,(anonymous_3)
FN:54,(anonymous_4)
FNF:5
FNH:1
FNDA:1,(anonymous_0)
FNDA:0,(anonymous_1)
FNDA:0,(anonymous_2)
FNDA:0,(anonymous_3)
FNDA:0,(anonymous_4)
DA:13,2
DA:14,1
DA:15,1
DA:16,1
DA:17,1
DA:18,1
DA:19,1
DA:20,0
DA:21,0
DA:24,1
DA:55,0
DA:56,0
LF:12
LH:8
BRDA:31,0,0,0
BRDA:31,0,1,1
BRDA:61,1,0,0
BRDA:61,1,1,1
BRF:4
BRH:2
end_of_record
TN:
SF:app/screens/PlaylistAndAlbums/PlaylistAndAlbumsShimmer.tsx
FN:10,(anonymous_0)
FN:15,(anonymous_1)
FNF:2
FNH:1
FNDA:1,(anonymous_0)
FNDA:0,(anonymous_1)
DA:10,2
DA:11,1
DA:12,1
DA:13,1
DA:14,1
DA:15,1
DA:16,0
DA:31,1
LF:8
LH:7
BRDA:20,0,0,0
BRDA:20,0,1,0
BRDA:51,1,0,0
BRDA:51,1,1,1
BRF:4
BRH:1
end_of_record
TN:
SF:app/screens/PlaylistAndAlbums/styles.ts
FN:9,(anonymous_0)
FNF:1
FNH:1
FNDA:4,(anonymous_0)
DA:9,3
DA:10,4
DA:11,3
DA:189,3
LF:4
LH:4
BRF:0
BRH:0
end_of_record
TN:
SF:app/store/actions/appActions.ts
FN:8,musicListRequest
FN:13,musicListResponse
FN:19,favoriteListRequest
FNF:3
FNH:1
FNDA:1,musicListRequest
FNDA:0,musicListResponse
FNDA:0,favoriteListRequest
DA:9,1
DA:14,0
DA:20,0
LF:3
LH:1
BRF:0
BRH:0
end_of_record
TN:
SF:app/store/actions/playerActions.ts
FN:7,playerListRequest
FN:13,isPlayerPlay
FN:19,isPlayerShow
FN:26,updatePlayList
FN:32,deletePlayListFolder
FN:38,deletePlayListSong
FNF:6
FNH:0
FNDA:0,playerListRequest
FNDA:0,isPlayerPlay
FNDA:0,isPlayerShow
FNDA:0,updatePlayList
FNDA:0,deletePlayListFolder
FNDA:0,deletePlayListSong
DA:8,0
DA:14,0
DA:20,0
DA:27,0
DA:33,0
DA:39,0
LF:6
LH:0
BRF:0
BRH:0
end_of_record
TN:
SF:app/store/actions/types.ts
FNF:0
FNH:0
DA:2,7
DA:3,7
DA:4,7
DA:5,7
DA:8,7
DA:11,7
DA:12,7
DA:13,7
DA:14,7
DA:15,7
DA:18,7
DA:19,7
DA:22,7
DA:23,7
DA:27,7
DA:28,7
DA:29,7
DA:32,7
DA:33,7
DA:34,7
DA:35,7
DA:38,7
LF:22
LH:22
BRF:0
BRH:0
end_of_record
